9:10:20 PM Monday, July 10, 2017: Server loaded map. Map: Carbon (mp_carbon). Gametype: dm
9:10:38 PM Monday, July 10, 2017: Server loaded map. Map: Carbon (mp_carbon). Gametype: dm
9:10:51 PM Monday, July 10, 2017: Player connected: BilaLui | 76561200707965681 | 415EFB3E7AB11ED6D2F789B4 | 87.160.56.11
9:10:58 PM Monday, July 10, 2017: Game started (prematch done). 2 connected players.
9:11:05 PM Monday, July 10, 2017: Player connected: FaserF | 76561201343888417 | 9C3133A6AA5B000B62D9D15F | 188.194.179.133
9:11:20 PM Monday, July 10, 2017: BilaLui: !jump 300
9:11:29 PM Monday, July 10, 2017: BilaLui ---> iw5_barrett_mp_acog_camo03_scope2 ---> FaserF
9:11:49 PM Monday, July 10, 2017: FaserF ---> frag_grenade_mp ---> FaserF
9:11:55 PM Monday, July 10, 2017: Player connected: H4zzl3 | 76561199641085033 | 0B1787B919A878AF67E6D9F5 | 89.15.139.72
9:12:06 PM Monday, July 10, 2017: FaserF ---> iw5_msr_mp_msrscope_xmags ---> BilaLui
9:12:21 PM Monday, July 10, 2017: FaserF: !jump 120
9:12:52 PM Monday, July 10, 2017: FaserF ---> iw5_msr_mp_msrscope_xmags ---> H4zzl3
9:13:09 PM Monday, July 10, 2017: BilaLui: !jump 300
9:13:27 PM Monday, July 10, 2017: H4zzl3 ---> iw5_msr_mp_msrscope_xmags ---> FaserF
9:13:31 PM Monday, July 10, 2017: FaserF: !jump 120
9:13:44 PM Monday, July 10, 2017: FaserF ---> iw5_msr_mp_msrscope_xmags ---> BilaLui
9:13:59 PM Monday, July 10, 2017: H4zzl3 ---> iw5_msr_mp_msrscope_xmags ---> FaserF
9:14:01 PM Monday, July 10, 2017: BilaLui ---> iw5_barrett_mp_acog_camo03_scope2 ---> H4zzl3
9:14:17 PM Monday, July 10, 2017: FaserF ---> destructible_toy ---> FaserF
9:14:27 PM Monday, July 10, 2017: H4zzl3 ---> iw5_msr_mp_msrscope_xmags ---> BilaLui
9:14:36 PM Monday, July 10, 2017: BilaLui ---> iw5_barrett_mp_acog_camo03_scope2 ---> H4zzl3
9:14:44 PM Monday, July 10, 2017: BilaLui ---> iw5_barrett_mp_acog_camo03_scope2 ---> FaserF
9:15:17 PM Monday, July 10, 2017: FaserF ---> barrel_mp ---> BilaLui
9:15:29 PM Monday, July 10, 2017: FaserF ---> iw5_msr_mp_msrscope ---> H4zzl3
9:15:54 PM Monday, July 10, 2017: BilaLui ---> iw5_barrett_mp_acog_camo03_scope2 ---> FaserF
9:15:59 PM Monday, July 10, 2017: BilaLui ---> iw5_barrett_mp_acog_camo03_scope2 ---> H4zzl3
9:16:11 PM Monday, July 10, 2017: FaserF ---> iw5_msr_mp_msrscope ---> BilaLui
9:16:24 PM Monday, July 10, 2017: Player connected: BechirXF15 | 76561200657193253 | BEC83BF3C09AB26317DEB24A | 41.227.117.251
9:16:34 PM Monday, July 10, 2017: Player connected: ASALCOART | 76561201888055540 | E8381502B84E463A1105290A | 189.198.183.34
9:16:40 PM Monday, July 10, 2017: FaserF ---> iw5_msr_mp_msrscope ---> BilaLui
9:16:42 PM Monday, July 10, 2017: H4zzl3 ---> iw5_msr_mp_msrscope_xmags ---> FaserF
9:16:45 PM Monday, July 10, 2017: Player DontCryJustDie left
9:16:52 PM Monday, July 10, 2017: FaserF ---> iw5_msr_mp_msrscope ---> BilaLui
9:17:00 PM Monday, July 10, 2017: ASALCOART ---> iw5_mp7_mp_silencer ---> BilaLui
9:17:05 PM Monday, July 10, 2017: BechirXF15 ---> iw5_type95_mp_silencer ---> ASALCOART
9:17:14 PM Monday, July 10, 2017: BilaLui ---> iw5_msr_mp_msrscope_camo04 ---> FaserF
9:17:17 PM Monday, July 10, 2017: ASALCOART ---> iw5_mp7_mp_silencer ---> BilaLui
9:17:23 PM Monday, July 10, 2017: ASALCOART ---> iw5_mp7_mp_silencer ---> BechirXF15
9:17:34 PM Monday, July 10, 2017: FaserF ---> iw5_msr_mp_msrscope ---> H4zzl3
9:17:34 PM Monday, July 10, 2017: ASALCOART ---> iw5_mp7_mp_silencer ---> FaserF
9:17:38 PM Monday, July 10, 2017: ASALCOART ---> iw5_mp7_mp_silencer ---> BilaLui
9:17:51 PM Monday, July 10, 2017: ASALCOART ---> iw5_mp7_mp_silencer ---> FaserF
9:17:52 PM Monday, July 10, 2017: BechirXF15 ---> iw5_type95_mp_silencer ---> ASALCOART
9:17:59 PM Monday, July 10, 2017: BilaLui ---> iw5_msr_mp_msrscope_camo04 ---> ASALCOART
9:18:01 PM Monday, July 10, 2017: BilaLui ---> iw5_msr_mp_msrscope_camo04 ---> FaserF
9:18:05 PM Monday, July 10, 2017: BilaLui ---> iw5_msr_mp_msrscope_camo04 ---> BechirXF15
9:18:10 PM Monday, July 10, 2017: ASALCOART ---> iw5_mp7_mp_silencer ---> BilaLui
9:18:14 PM Monday, July 10, 2017: ASALCOART ---> iw5_mp7_mp_silencer ---> H4zzl3
9:18:22 PM Monday, July 10, 2017: FaserF ---> iw5_msr_mp_msrscope ---> ASALCOART
9:18:29 PM Monday, July 10, 2017: FaserF ---> iw5_msr_mp_msrscope ---> BilaLui
9:18:42 PM Monday, July 10, 2017: BilaLui ---> iw5_msr_mp_msrscope_camo04 ---> FaserF
9:18:48 PM Monday, July 10, 2017: BilaLui ---> iw5_msr_mp_msrscope_camo04 ---> H4zzl3
9:18:51 PM Monday, July 10, 2017: BilaLui ---> iw5_msr_mp_msrscope_camo04 ---> ASALCOART
9:18:55 PM Monday, July 10, 2017: BilaLui ---> iw5_msr_mp_msrscope_camo04 ---> FaserF
9:19:04 PM Monday, July 10, 2017: ASALCOART ---> iw5_mp7_mp_silencer ---> BilaLui
9:19:06 PM Monday, July 10, 2017: FaserF ---> iw5_mp9_mp ---> H4zzl3
9:19:12 PM Monday, July 10, 2017: FaserF ---> iw5_msr_mp_msrscope ---> BechirXF15
9:19:13 PM Monday, July 10, 2017: FaserF ---> iw5_msr_mp_msrscope ---> BilaLui
9:19:14 PM Monday, July 10, 2017: ASALCOART ---> iw5_mp7_mp_silencer ---> FaserF
9:19:25 PM Monday, July 10, 2017: Player BechirXF15 left
9:19:28 PM Monday, July 10, 2017: FaserF ---> iw5_msr_mp_msrscope ---> ASALCOART
9:19:33 PM Monday, July 10, 2017: BilaLui ---> iw5_msr_mp_msrscope_camo04 ---> H4zzl3
9:19:42 PM Monday, July 10, 2017: BilaLui ---> iw5_msr_mp_msrscope_camo04 ---> FaserF
9:19:53 PM Monday, July 10, 2017: ASALCOART ---> iw5_mp7_mp_silencer ---> BilaLui
9:20:06 PM Monday, July 10, 2017: FaserF ---> iw5_msr_mp_msrscope ---> H4zzl3
9:20:09 PM Monday, July 10, 2017: BilaLui ---> iw5_msr_mp_msrscope_camo04 ---> FaserF
9:20:26 PM Monday, July 10, 2017: H4zzl3 ---> iw5_msr_mp_msrscope_xmags ---> ASALCOART
9:20:41 PM Monday, July 10, 2017: BilaLui ---> iw5_msr_mp_msrscope_camo04 ---> ASALCOART
9:20:49 PM Monday, July 10, 2017: BilaLui ---> iw5_msr_mp_msrscope_camo04 ---> H4zzl3
9:20:58 PM Monday, July 10, 2017: Game ended. Result: BilaLui wins, with 950 points.
9:21:19 PM Monday, July 10, 2017: Server loaded map. Map: Carbon (mp_carbon). Gametype: dom
9:21:21 PM Monday, July 10, 2017: Player connected: FaserF | 76561201343888417 | 9C3133A6AA5B000B62D9D15F | 188.194.179.133
9:21:21 PM Monday, July 10, 2017: Player connected: BilaLui | 76561200707965681 | 415EFB3E7AB11ED6D2F789B4 | 87.160.56.11
9:21:21 PM Monday, July 10, 2017: Player connected: H4zzl3 | 76561199641085033 | 0B1787B919A878AF67E6D9F5 | 89.15.139.72
9:21:22 PM Monday, July 10, 2017: Player connected: ASALCOART | 76561201888055540 | E8381502B84E463A1105290A | 189.198.183.34
9:21:38 PM Monday, July 10, 2017: Game started (prematch done). 4 connected players.
9:21:49 PM Monday, July 10, 2017: Player H4zzl3 left
9:22:34 PM Monday, July 10, 2017: ASALCOART ---> iw5_mp7_mp_rof_xmags ---> BilaLui
9:22:39 PM Monday, July 10, 2017: Server loaded map. Map: Carbon (mp_carbon). Gametype: dm
9:22:41 PM Monday, July 10, 2017: Player connected: FaserF | 76561201343888417 | 9C3133A6AA5B000B62D9D15F | 188.194.179.133
9:22:41 PM Monday, July 10, 2017: Player connected: BilaLui | 76561200707965681 | 415EFB3E7AB11ED6D2F789B4 | 87.160.56.11
9:22:42 PM Monday, July 10, 2017: Player connected: ASALCOART | 76561201888055540 | E8381502B84E463A1105290A | 189.198.183.34
9:22:57 PM Monday, July 10, 2017: Game started (prematch done). 3 connected players.
9:23:08 PM Monday, July 10, 2017: ASALCOART ---> iw5_mp7_mp_rof_xmags ---> BilaLui
9:23:21 PM Monday, July 10, 2017: ASALCOART ---> iw5_mp7_mp_rof_xmags ---> FaserF
9:23:32 PM Monday, July 10, 2017: ASALCOART ---> iw5_mp7_mp_rof_xmags ---> BilaLui
9:23:34 PM Monday, July 10, 2017: FaserF ---> iw5_ak47_mp_xmags ---> ASALCOART
9:23:52 PM Monday, July 10, 2017: BilaLui ---> iw5_msr_mp_msrscope_xmags ---> ASALCOART
9:23:53 PM Monday, July 10, 2017: FaserF: !jump 120
9:23:58 PM Monday, July 10, 2017: FaserF ---> iw5_ak47_mp_xmags ---> BilaLui
9:24:09 PM Monday, July 10, 2017: ASALCOART ---> iw5_mp7_mp_rof_xmags ---> FaserF
9:24:22 PM Monday, July 10, 2017: FaserF ---> iw5_msr_mp_msrscope_xmags ---> BilaLui
9:24:25 PM Monday, July 10, 2017: ASALCOART ---> iw5_mp7_mp_rof_xmags ---> FaserF
9:24:33 PM Monday, July 10, 2017: ASALCOART ---> iw5_mp7_mp_rof_xmags ---> BilaLui
9:24:38 PM Monday, July 10, 2017: Player connected: H4zzl3 | 76561199641085033 | 0B1787B919A878AF67E6D9F5 | 89.15.139.72
9:24:43 PM Monday, July 10, 2017: ASALCOART ---> iw5_mp7_mp_rof_xmags ---> FaserF
9:25:08 PM Monday, July 10, 2017: ASALCOART ---> iw5_mp7_mp_rof_xmags ---> BilaLui
9:25:12 PM Monday, July 10, 2017: FaserF ---> iw5_msr_mp_msrscope_xmags ---> H4zzl3
9:25:15 PM Monday, July 10, 2017: ASALCOART ---> iw5_mp7_mp_rof_xmags ---> FaserF
9:25:30 PM Monday, July 10, 2017: FaserF ---> iw5_msr_mp_msrscope_xmags ---> BilaLui
9:25:41 PM Monday, July 10, 2017: BilaLui ---> iw5_msr_mp_msrscope_xmags ---> ASALCOART
9:25:45 PM Monday, July 10, 2017: FaserF ---> iw5_msr_mp_msrscope_xmags ---> BilaLui
9:25:57 PM Monday, July 10, 2017: FaserF ---> throwingknife_mp ---> H4zzl3
9:25:59 PM Monday, July 10, 2017: ASALCOART ---> iw5_mp7_mp_rof_xmags ---> FaserF
9:26:11 PM Monday, July 10, 2017: BilaLui ---> iw5_msr_mp_msrscope_xmags ---> ASALCOART
9:26:13 PM Monday, July 10, 2017: BilaLui ---> iw5_msr_mp_msrscope_xmags ---> FaserF
9:26:25 PM Monday, July 10, 2017: ASALCOART ---> iw5_mp7_mp_rof_xmags ---> FaserF
9:26:25 PM Monday, July 10, 2017: BilaLui ---> iw5_msr_mp_msrscope_xmags ---> H4zzl3
9:26:29 PM Monday, July 10, 2017: BilaLui ---> iw5_msr_mp_msrscope_xmags ---> ASALCOART
9:26:43 PM Monday, July 10, 2017: FaserF ---> iw5_msr_mp_msrscope_xmags ---> BilaLui
9:26:50 PM Monday, July 10, 2017: FaserF ---> iw5_msr_mp_msrscope_xmags ---> H4zzl3
9:26:53 PM Monday, July 10, 2017: FaserF ---> iw5_msr_mp_msrscope_xmags ---> ASALCOART
9:27:04 PM Monday, July 10, 2017: BilaLui ---> iw5_msr_mp_msrscope_xmags ---> FaserF
9:27:09 PM Monday, July 10, 2017: ASALCOART ---> iw5_mp7_mp_rof_xmags ---> BilaLui
9:27:26 PM Monday, July 10, 2017: ASALCOART ---> iw5_mp7_mp_rof_xmags ---> BilaLui
9:27:35 PM Monday, July 10, 2017: ASALCOART ---> iw5_mp7_mp_rof_xmags ---> BilaLui
9:27:37 PM Monday, July 10, 2017: Player connected: Devil | 76561200967599634 | 4CFDDCAAA99D755907DE2571 | 87.0.86.28
9:27:42 PM Monday, July 10, 2017: ASALCOART ---> iw5_mp7_mp_rof_xmags ---> H4zzl3
9:27:42 PM Monday, July 10, 2017: Game ended. Result: ASALCOART wins, with 750 points.
9:27:59 PM Monday, July 10, 2017: Server loaded map. Map: Carbon (mp_carbon). Gametype: oic
9:28:01 PM Monday, July 10, 2017: Player connected: FaserF | 76561201343888417 | 9C3133A6AA5B000B62D9D15F | 188.194.179.133
9:28:01 PM Monday, July 10, 2017: Player connected: BilaLui | 76561200707965681 | 415EFB3E7AB11ED6D2F789B4 | 87.160.56.11
9:28:01 PM Monday, July 10, 2017: Player connected: Devil | 76561200967599634 | 4CFDDCAAA99D755907DE2571 | 87.0.86.28
9:28:02 PM Monday, July 10, 2017: Player connected: H4zzl3 | 76561199641085033 | 0B1787B919A878AF67E6D9F5 | 89.15.139.72
9:28:02 PM Monday, July 10, 2017: Player connected: ASALCOART | 76561201888055540 | E8381502B84E463A1105290A | 189.198.183.34
9:28:06 PM Monday, July 10, 2017: Game started (prematch done). 5 connected players.
9:28:27 PM Monday, July 10, 2017: ASALCOART ---> iw5_deserteagle_mp_tactical ---> Devil
9:28:30 PM Monday, July 10, 2017: H4zzl3 ---> iw5_deserteagle_mp_tactical ---> ASALCOART
9:28:37 PM Monday, July 10, 2017: BilaLui ---> iw5_deserteagle_mp_tactical ---> Devil
9:28:53 PM Monday, July 10, 2017: ASALCOART ---> iw5_deserteagle_mp_tactical ---> BilaLui
9:28:53 PM Monday, July 10, 2017: H4zzl3 ---> iw5_deserteagle_mp_tactical ---> ASALCOART
9:29:20 PM Monday, July 10, 2017: H4zzl3 ---> iw5_deserteagle_mp_tactical ---> FaserF
9:29:23 PM Monday, July 10, 2017: Player Devil left
9:29:35 PM Monday, July 10, 2017: BilaLui ---> iw5_deserteagle_mp_tactical ---> H4zzl3
9:29:48 PM Monday, July 10, 2017: BilaLui ---> iw5_deserteagle_mp_tactical ---> FaserF
9:30:21 PM Monday, July 10, 2017: BilaLui ---> iw5_deserteagle_mp_tactical ---> H4zzl3
9:30:21 PM Monday, July 10, 2017: Game ended. Result: BilaLui wins, with 480 points.
9:30:38 PM Monday, July 10, 2017: Server loaded map. Map: Carbon (mp_carbon). Gametype: dm
9:30:40 PM Monday, July 10, 2017: Player connected: FaserF | 76561201343888417 | 9C3133A6AA5B000B62D9D15F | 188.194.179.133
9:30:40 PM Monday, July 10, 2017: Player connected: BilaLui | 76561200707965681 | 415EFB3E7AB11ED6D2F789B4 | 87.160.56.11
9:30:41 PM Monday, July 10, 2017: Player connected: ASALCOART | 76561201888055540 | E8381502B84E463A1105290A | 189.198.183.34
9:30:41 PM Monday, July 10, 2017: Player connected: H4zzl3 | 76561199641085033 | 0B1787B919A878AF67E6D9F5 | 89.15.139.72
9:30:55 PM Monday, July 10, 2017: Game started (prematch done). 4 connected players.
9:31:07 PM Monday, July 10, 2017: ASALCOART ---> iw5_mp7_mp_silencer ---> H4zzl3
9:31:11 PM Monday, July 10, 2017: BilaLui ---> iw5_scar_mp_silencer_camo06 ---> FaserF
9:31:17 PM Monday, July 10, 2017: BilaLui ---> iw5_scar_mp_silencer_camo06 ---> ASALCOART
9:31:22 PM Monday, July 10, 2017: FaserF ---> iw5_acr_mp ---> BilaLui
9:31:27 PM Monday, July 10, 2017: FaserF ---> iw5_acr_mp ---> H4zzl3
9:31:43 PM Monday, July 10, 2017: BilaLui ---> iw5_scar_mp_silencer_camo06 ---> FaserF
9:31:47 PM Monday, July 10, 2017: FaserF: !jump 120
9:31:58 PM Monday, July 10, 2017: H4zzl3 ---> iw5_type95_mp_silencer ---> BilaLui
9:32:03 PM Monday, July 10, 2017: FaserF ---> iw5_acr_mp ---> ASALCOART
9:32:03 PM Monday, July 10, 2017: H4zzl3 ---> iw5_type95_mp_silencer ---> FaserF
9:32:15 PM Monday, July 10, 2017: H4zzl3 ---> iw5_type95_mp_silencer ---> ASALCOART
9:32:19 PM Monday, July 10, 2017: BilaLui ---> iw5_scar_mp_silencer_camo06 ---> H4zzl3
9:32:26 PM Monday, July 10, 2017: FaserF ---> iw5_acr_mp ---> BilaLui
9:32:28 PM Monday, July 10, 2017: ASALCOART ---> iw5_mp7_mp_silencer ---> FaserF
9:32:53 PM Monday, July 10, 2017: ASALCOART ---> iw5_mp7_mp_silencer ---> BilaLui
9:33:00 PM Monday, July 10, 2017: FaserF ---> iw5_acr_mp ---> H4zzl3
9:33:08 PM Monday, July 10, 2017: BilaLui ---> iw5_cm901_mp_silencer_camo04 ---> FaserF
9:33:11 PM Monday, July 10, 2017: ASALCOART ---> iw5_mp7_mp_silencer ---> BilaLui
9:33:15 PM Monday, July 10, 2017: H4zzl3 ---> iw5_ak47_mp_silencer ---> ASALCOART
9:33:23 PM Monday, July 10, 2017: BilaLui ---> iw5_cm901_mp_silencer_camo04 ---> H4zzl3
9:33:29 PM Monday, July 10, 2017: FaserF ---> iw5_acr_mp ---> BilaLui
9:33:37 PM Monday, July 10, 2017: ASALCOART ---> iw5_mp7_mp_silencer ---> FaserF
9:33:43 PM Monday, July 10, 2017: H4zzl3 ---> iw5_ak47_mp_silencer ---> ASALCOART
9:33:51 PM Monday, July 10, 2017: BilaLui ---> iw5_cm901_mp_silencer_camo04 ---> H4zzl3
9:33:52 PM Monday, July 10, 2017: ASALCOART ---> iw5_mp7_mp_silencer ---> BilaLui
9:33:56 PM Monday, July 10, 2017: FaserF ---> iw5_acr_mp ---> ASALCOART
9:34:09 PM Monday, July 10, 2017: H4zzl3 ---> iw5_acr_mp_silencer ---> BilaLui
9:34:11 PM Monday, July 10, 2017: FaserF ---> iw5_acr_mp ---> ASALCOART
9:34:23 PM Monday, July 10, 2017: H4zzl3 ---> iw5_fnfiveseven_mp_silencer02 ---> BilaLui
9:34:24 PM Monday, July 10, 2017: ASALCOART ---> iw5_mp7_mp_silencer ---> FaserF
9:34:37 PM Monday, July 10, 2017: BilaLui ---> iw5_ak47_mp_silencer ---> ASALCOART
9:34:44 PM Monday, July 10, 2017: FaserF ---> iw5_acr_mp ---> BilaLui
9:34:49 PM Monday, July 10, 2017: FaserF ---> iw5_acr_mp ---> H4zzl3
9:35:02 PM Monday, July 10, 2017: ASALCOART ---> iw5_mp7_mp_silencer ---> BilaLui
9:35:05 PM Monday, July 10, 2017: FaserF ---> iw5_acr_mp ---> ASALCOART
9:35:12 PM Monday, July 10, 2017: ASALCOART ---> iw5_mp7_mp_silencer ---> H4zzl3
9:35:18 PM Monday, July 10, 2017: BilaLui ---> iw5_ak47_mp_silencer ---> FaserF
9:35:24 PM Monday, July 10, 2017: BilaLui ---> iw5_ak47_mp_silencer ---> ASALCOART
9:35:29 PM Monday, July 10, 2017: BilaLui ---> iw5_ak47_mp_silencer ---> H4zzl3
9:35:33 PM Monday, July 10, 2017: FaserF ---> iw5_acr_mp ---> BilaLui
9:35:45 PM Monday, July 10, 2017: ASALCOART ---> iw5_mp7_mp_silencer ---> FaserF
9:35:46 PM Monday, July 10, 2017: BilaLui ---> iw5_ak47_mp_silencer ---> ASALCOART
9:35:52 PM Monday, July 10, 2017: H4zzl3 ---> iw5_acr_mp_silencer ---> BilaLui
9:36:02 PM Monday, July 10, 2017: H4zzl3 ---> iw5_acr_mp_silencer ---> ASALCOART
9:36:03 PM Monday, July 10, 2017: H4zzl3 ---> iw5_acr_mp_silencer ---> FaserF
9:36:12 PM Monday, July 10, 2017: BilaLui ---> iw5_ak47_mp_silencer ---> FaserF
9:36:22 PM Monday, July 10, 2017: FaserF ---> iw5_acr_mp ---> BilaLui
9:36:23 PM Monday, July 10, 2017: H4zzl3 ---> iw5_acr_mp_silencer ---> ASALCOART
9:36:39 PM Monday, July 10, 2017: FaserF ---> iw5_acr_mp ---> H4zzl3
9:36:40 PM Monday, July 10, 2017: BilaLui ---> iw5_fnfiveseven_mp_silencer02 ---> FaserF
9:36:55 PM Monday, July 10, 2017: BilaLui ---> iw5_fnfiveseven_mp_silencer02 ---> ASALCOART
9:37:07 PM Monday, July 10, 2017: FaserF ---> iw5_acr_mp ---> BilaLui
9:37:17 PM Monday, July 10, 2017: H4zzl3 ---> iw5_acr_mp_silencer ---> FaserF
9:37:31 PM Monday, July 10, 2017: H4zzl3 ---> iw5_acr_mp_silencer ---> FaserF
9:37:34 PM Monday, July 10, 2017: FaserF ---> frag_grenade_mp ---> ASALCOART
9:37:41 PM Monday, July 10, 2017: H4zzl3 ---> iw5_acr_mp_silencer ---> BilaLui
9:37:41 PM Monday, July 10, 2017: FaserF ---> iw5_acr_mp ---> ASALCOART
9:37:52 PM Monday, July 10, 2017: BilaLui ---> iw5_ak47_mp_silencer ---> FaserF
9:37:52 PM Monday, July 10, 2017: ASALCOART ---> iw5_mp7_mp_silencer ---> H4zzl3
9:38:07 PM Monday, July 10, 2017: FaserF ---> iw5_acr_mp ---> ASALCOART
9:38:07 PM Monday, July 10, 2017: BilaLui ---> iw5_ak47_mp_silencer ---> FaserF
9:38:21 PM Monday, July 10, 2017: BilaLui ---> iw5_ak47_mp_silencer ---> ASALCOART
9:38:28 PM Monday, July 10, 2017: H4zzl3 ---> iw5_acr_mp_silencer ---> BilaLui
9:38:49 PM Monday, July 10, 2017: H4zzl3 ---> iw5_acr_mp_silencer ---> FaserF
9:39:01 PM Monday, July 10, 2017: H4zzl3 ---> iw5_acr_mp_silencer ---> FaserF
9:39:03 PM Monday, July 10, 2017: BilaLui ---> iw5_ak47_mp_silencer ---> ASALCOART
9:39:10 PM Monday, July 10, 2017: FaserF ---> iw5_acr_mp ---> H4zzl3
9:39:24 PM Monday, July 10, 2017: Player connected: POMAH | 76561200724714358 | B9D99CF84A75043590C464FC | 176.65.112.163
9:39:26 PM Monday, July 10, 2017: BilaLui ---> iw5_ak47_mp_silencer ---> ASALCOART
9:39:27 PM Monday, July 10, 2017: FaserF ---> iw5_acr_mp ---> H4zzl3
9:39:34 PM Monday, July 10, 2017: BilaLui ---> iw5_ak47_mp_silencer ---> H4zzl3
9:39:40 PM Monday, July 10, 2017: FaserF ---> iw5_acr_mp ---> BilaLui
9:39:45 PM Monday, July 10, 2017: FaserF ---> airdrop_trap_explosive_mp ---> H4zzl3
9:39:52 PM Monday, July 10, 2017: POMAH ---> iw5_acr_mp_reflex_camo01 ---> FaserF
9:39:59 PM Monday, July 10, 2017: FaserF ---> iw5_acr_mp ---> H4zzl3
9:40:01 PM Monday, July 10, 2017: Player connected: Besii | 76561200533876255 | 7AE2EBBE2EA93EE5E045A72C | 79.106.209.182
9:40:08 PM Monday, July 10, 2017: BilaLui ---> iw5_ak47_mp_silencer ---> FaserF
9:40:13 PM Monday, July 10, 2017: BilaLui ---> iw5_ak47_mp_silencer ---> POMAH
9:40:21 PM Monday, July 10, 2017: BilaLui ---> iw5_ak47_mp_silencer ---> H4zzl3
9:40:23 PM Monday, July 10, 2017: ASALCOART ---> iw5_mp7_mp_silencer ---> BilaLui
9:40:29 PM Monday, July 10, 2017: BilaLui ---> iw5_ak47_mp_silencer ---> FaserF
9:40:32 PM Monday, July 10, 2017: Besii ---> iw5_m4_mp_reflex_camo03_scope1 ---> BilaLui
9:40:43 PM Monday, July 10, 2017: Besii ---> iw5_m4_mp_reflex_camo03_scope1 ---> POMAH
9:40:51 PM Monday, July 10, 2017: ASALCOART ---> iw5_mp7_mp_silencer ---> Besii
9:40:52 PM Monday, July 10, 2017: BilaLui ---> iw5_ak47_mp_silencer ---> H4zzl3
9:40:54 PM Monday, July 10, 2017: BilaLui ---> iw5_ak47_mp_silencer ---> FaserF
9:40:55 PM Monday, July 10, 2017: Game ended. Result: BilaLui wins, with 1350 points.
9:40:58 PM Monday, July 10, 2017: Player POMAH left
9:41:17 PM Monday, July 10, 2017: Server loaded map. Map: Carbon (mp_carbon). Gametype: grnd
9:41:19 PM Monday, July 10, 2017: Player connected: FaserF | 76561201343888417 | 9C3133A6AA5B000B62D9D15F | 188.194.179.133
9:41:19 PM Monday, July 10, 2017: Player connected: BilaLui | 76561200707965681 | 415EFB3E7AB11ED6D2F789B4 | 87.160.56.11
9:41:19 PM Monday, July 10, 2017: Player connected: H4zzl3 | 76561199641085033 | 0B1787B919A878AF67E6D9F5 | 89.15.139.72
9:41:20 PM Monday, July 10, 2017: Player connected: Besii | 76561200533876255 | 7AE2EBBE2EA93EE5E045A72C | 79.106.209.182
9:41:20 PM Monday, July 10, 2017: Player connected: ASALCOART | 76561201888055540 | E8381502B84E463A1105290A | 189.198.183.34
9:41:37 PM Monday, July 10, 2017: Game started (prematch done). 5 connected players.
9:41:59 PM Monday, July 10, 2017: Besii ---> iw5_cm901_mp ---> FaserF
9:42:01 PM Monday, July 10, 2017: H4zzl3 ---> alt_iw5_g36c_mp_m320_reflex ---> Besii
9:42:03 PM Monday, July 10, 2017: FaserF: !jump 120
9:42:06 PM Monday, July 10, 2017: BilaLui ---> iw5_m60_mp_grip_reflexlmg_camo07 ---> H4zzl3
9:42:13 PM Monday, July 10, 2017: FaserF ---> iw5_mp7_mp ---> ASALCOART
9:42:14 PM Monday, July 10, 2017: FaserF ---> iw5_mp7_mp ---> Besii
9:42:17 PM Monday, July 10, 2017: BilaLui ---> iw5_m60_mp_grip_reflexlmg_camo07 ---> FaserF
9:42:18 PM Monday, July 10, 2017: H4zzl3 ---> iw5_g36c_mp_m320_reflex ---> BilaLui
9:42:24 PM Monday, July 10, 2017: FaserF ---> iw5_mp7_mp ---> ASALCOART
9:42:25 PM Monday, July 10, 2017: FaserF ---> iw5_mp7_mp ---> Besii
9:42:29 PM Monday, July 10, 2017: BilaLui ---> iw5_m60_mp_grip_reflexlmg_camo07 ---> FaserF
9:42:34 PM Monday, July 10, 2017: BilaLui ---> iw5_m60_mp_grip_reflexlmg_camo07 ---> H4zzl3
9:42:36 PM Monday, July 10, 2017: FaserF ---> iw5_mp7_mp ---> BilaLui
9:42:40 PM Monday, July 10, 2017: FaserF ---> frag_grenade_mp ---> Besii
9:42:44 PM Monday, July 10, 2017: H4zzl3 ---> iw5_g36c_mp_m320_reflex ---> ASALCOART
9:42:47 PM Monday, July 10, 2017: BilaLui ---> iw5_m60_mp_grip_reflexlmg_camo07 ---> H4zzl3
9:42:49 PM Monday, July 10, 2017: Besii ---> iw5_cm901_mp ---> FaserF
9:42:58 PM Monday, July 10, 2017: FaserF ---> frag_grenade_mp ---> BilaLui
9:42:59 PM Monday, July 10, 2017: FaserF ---> iw5_mp7_mp ---> Besii
9:43:00 PM Monday, July 10, 2017: ASALCOART ---> iw5_acr_mp_eotech_camo11_scope6 ---> H4zzl3
9:43:01 PM Monday, July 10, 2017: Player Besii left
9:43:09 PM Monday, July 10, 2017: ASALCOART ---> iw5_acr_mp_eotech_camo11_scope6 ---> H4zzl3
9:43:11 PM Monday, July 10, 2017: ASALCOART ---> bouncingbetty_mp ---> FaserF
9:43:22 PM Monday, July 10, 2017: H4zzl3 ---> iw5_g36c_mp_m320_reflex ---> ASALCOART
9:43:23 PM Monday, July 10, 2017: FaserF ---> stealth_bomb_mp ---> BilaLui
9:43:24 PM Monday, July 10, 2017: FaserF ---> stealth_bomb_mp ---> FaserF
9:43:38 PM Monday, July 10, 2017: BilaLui ---> iw5_m60_mp_grip_reflexlmg_camo07 ---> FaserF
9:43:40 PM Monday, July 10, 2017: H4zzl3 ---> iw5_g36c_mp_m320_reflex ---> BilaLui
9:43:43 PM Monday, July 10, 2017: ASALCOART ---> iw5_acr_mp_eotech_camo11_scope6 ---> H4zzl3
9:43:55 PM Monday, July 10, 2017: FaserF ---> iw5_mp7_mp ---> ASALCOART
9:44:08 PM Monday, July 10, 2017: ASALCOART ---> iw5_acr_mp_eotech_camo11_scope6 ---> H4zzl3
9:44:10 PM Monday, July 10, 2017: FaserF ---> iw5_mp7_mp ---> ASALCOART
9:44:34 PM Monday, July 10, 2017: FaserF ---> iw5_mp7_mp ---> BilaLui
9:44:39 PM Monday, July 10, 2017: H4zzl3 ---> iw5_g36c_mp_m320_reflex ---> ASALCOART
9:44:50 PM Monday, July 10, 2017: ASALCOART ---> airdrop_trap_explosive_mp ---> FaserF
9:44:58 PM Monday, July 10, 2017: BilaLui ---> iw5_m60_mp_grip_reflexlmg_camo07 ---> H4zzl3
9:44:59 PM Monday, July 10, 2017: FaserF ---> iw5_mp7_mp ---> BilaLui
9:45:02 PM Monday, July 10, 2017: FaserF ---> iw5_mp7_mp ---> ASALCOART
9:45:21 PM Monday, July 10, 2017: ASALCOART ---> iw5_acr_mp_eotech_camo11_scope6 ---> H4zzl3
9:45:24 PM Monday, July 10, 2017: FaserF ---> iw5_mp7_mp ---> ASALCOART
9:45:26 PM Monday, July 10, 2017: FaserF ---> iw5_mp7_mp ---> BilaLui
9:45:41 PM Monday, July 10, 2017: ASALCOART ---> iw5_acr_mp_eotech_camo11_scope6 ---> H4zzl3
9:45:41 PM Monday, July 10, 2017: BilaLui ---> airdrop_trap_explosive_mp ---> FaserF
9:45:55 PM Monday, July 10, 2017: FaserF ---> stealth_bomb_mp ---> FaserF
9:46:07 PM Monday, July 10, 2017: H4zzl3 ---> iw5_g36c_mp_m320_reflex ---> BilaLui
9:46:12 PM Monday, July 10, 2017: BilaLui ---> iw5_ump45_mp_silencer_camo05 ---> H4zzl3
9:46:12 PM Monday, July 10, 2017: FaserF ---> iw5_mp7_mp ---> ASALCOART
9:46:18 PM Monday, July 10, 2017: BilaLui ---> iw5_ump45_mp_silencer_camo05 ---> FaserF
9:46:18 PM Monday, July 10, 2017: Player connected: Lerion24 | 76561198247134798 | EFE604757BD0DE2DFD3FD302 | 91.155.25.235
9:46:24 PM Monday, July 10, 2017: FaserF ---> iw5_mp7_mp ---> ASALCOART
9:46:28 PM Monday, July 10, 2017: FaserF ---> frag_grenade_mp ---> BilaLui
9:46:40 PM Monday, July 10, 2017: Player Lerion24 left
9:46:40 PM Monday, July 10, 2017: ASALCOART ---> iw5_acr_mp_eotech_camo11_scope6 ---> H4zzl3
9:46:51 PM Monday, July 10, 2017: H4zzl3 ---> iw5_ump45_mp_rof ---> BilaLui
9:46:54 PM Monday, July 10, 2017: H4zzl3 ---> iw5_ump45_mp_rof ---> ASALCOART
9:46:57 PM Monday, July 10, 2017: ASALCOART ---> bouncingbetty_mp ---> H4zzl3
9:47:13 PM Monday, July 10, 2017: H4zzl3 ---> iw5_ump45_mp_rof ---> ASALCOART
9:47:35 PM Monday, July 10, 2017: ASALCOART ---> iw5_mk14_mp_hybrid_rof_camo10 ---> H4zzl3
9:47:43 PM Monday, July 10, 2017: FaserF ---> iw5_riotshieldjugg_mp ---> BilaLui
9:47:47 PM Monday, July 10, 2017: FaserF ---> stealth_bomb_mp ---> ASALCOART
9:48:09 PM Monday, July 10, 2017: H4zzl3 ---> iw5_ump45_mp_rof ---> BilaLui
9:48:23 PM Monday, July 10, 2017: FaserF ---> ugv_turret_mp ---> BilaLui
9:48:57 PM Monday, July 10, 2017: FaserF ---> iw5_usp45jugg_mp ---> ASALCOART
9:48:58 PM Monday, July 10, 2017: FaserF ---> iw5_usp45jugg_mp ---> BilaLui
9:49:04 PM Monday, July 10, 2017: ASALCOART ---> iw5_mk14_mp_hybrid_rof_camo10 ---> H4zzl3
9:49:29 PM Monday, July 10, 2017: FaserF ---> iw5_riotshieldjugg_mp ---> BilaLui
9:50:13 PM Monday, July 10, 2017: H4zzl3 ---> artillery_mp ---> BilaLui
9:50:24 PM Monday, July 10, 2017: H4zzl3 ---> iw5_ump45_mp_rof ---> BilaLui
9:50:45 PM Monday, July 10, 2017: FaserF ---> iw5_usp45jugg_mp ---> ASALCOART
9:51:10 PM Monday, July 10, 2017: FaserF ---> iw5_usp45jugg_mp ---> ASALCOART
9:51:25 PM Monday, July 10, 2017: FaserF ---> remote_tank_projectile_mp ---> ASALCOART
9:51:35 PM Monday, July 10, 2017: FaserF ---> remote_tank_projectile_mp ---> ASALCOART
9:51:37 PM Monday, July 10, 2017: Game ended. Result: allies win, with 8600 points
9:51:54 PM Monday, July 10, 2017: Player connected: Soap | 76561199213542250 | BFD9147298EF1CDDEDD1734A | 178.95.199.78
9:51:55 PM Monday, July 10, 2017: Server loaded map. Map: Carbon (mp_carbon). Gametype: dom
9:51:58 PM Monday, July 10, 2017: Player connected: FaserF | 76561201343888417 | 9C3133A6AA5B000B62D9D15F | 188.194.179.133
9:51:58 PM Monday, July 10, 2017: Player connected: BilaLui | 76561200707965681 | 415EFB3E7AB11ED6D2F789B4 | 87.160.56.11
9:51:58 PM Monday, July 10, 2017: Player connected: H4zzl3 | 76561199641085033 | 0B1787B919A878AF67E6D9F5 | 89.15.139.72
9:51:58 PM Monday, July 10, 2017: Player connected: Soap | 76561199213542250 | BFD9147298EF1CDDEDD1734A | 178.95.199.78
9:51:59 PM Monday, July 10, 2017: Player connected: ASALCOART | 76561201888055540 | E8381502B84E463A1105290A | 189.198.183.34
9:52:03 PM Monday, July 10, 2017: Player BilaLui left
9:52:11 PM Monday, July 10, 2017: FaserF: SRY guys server will be shut down
9:52:13 PM Monday, July 10, 2017: Player FaserF left
9:52:15 PM Monday, July 10, 2017: Game started (prematch done). 3 connected players.
