8:18:34 PM Monday, July 10, 2017: Server loaded map. Map: Interchange (mp_interchange). Gametype: dm
8:18:53 PM Monday, July 10, 2017: Game started (prematch done). 0 connected players.
8:19:39 PM Monday, July 10, 2017: Player connected: FaserF | 76561201343888417 | 9C3133A6AA5B000B62D9D15F | 188.194.179.133
8:20:27 PM Monday, July 10, 2017: FaserF: !jump
8:20:28 PM Monday, July 10, 2017: Player connected: BilaLui | 76561200707965681 | 415EFB3E7AB11ED6D2F789B4 | 87.160.56.11
8:20:36 PM Monday, July 10, 2017: FaserF: !help
8:20:42 PM Monday, July 10, 2017: BilaLui: !jump
8:20:43 PM Monday, July 10, 2017: FaserF: !admins
8:21:46 PM Monday, July 10, 2017: BilaLui: !putgroup Fabi,own
8:21:51 PM Monday, July 10, 2017: Player FaserF left
8:22:06 PM Monday, July 10, 2017: Player connected: FaserF | 76561201343888417 | 9C3133A6AA5B000B62D9D15F | 188.194.179.133
8:22:19 PM Monday, July 10, 2017: BilaLui: !putgroup FaserF,own
8:22:24 PM Monday, July 10, 2017: FaserF: !jump 200
8:22:35 PM Monday, July 10, 2017: FaserF: !jump 150
8:23:08 PM Monday, July 10, 2017: FaserF ---> c4_mp ---> BilaLui
8:23:29 PM Monday, July 10, 2017: BilaLui ---> iw5_scar_mp_silencer_camo06 ---> FaserF
8:24:01 PM Monday, July 10, 2017: FaserF ---> c4_mp ---> BilaLui
8:24:12 PM Monday, July 10, 2017: Player FaserF left
8:24:24 PM Monday, July 10, 2017: BilaLui: !bot
8:24:28 PM Monday, July 10, 2017: BilaLui: !bots
8:28:53 PM Monday, July 10, 2017: Game ended. Result: BilaLui wins, with 50 points.
8:29:06 PM Monday, July 10, 2017: Server loaded map. Map: Seatown (mp_seatown). Gametype: dom
8:29:08 PM Monday, July 10, 2017: Player connected: BilaLui | 76561200707965681 | 415EFB3E7AB11ED6D2F789B4 | 87.160.56.11
8:29:26 PM Monday, July 10, 2017: Game started (prematch done). 1 connected players.
8:36:29 PM Monday, July 10, 2017: Player BilaLui left
8:48:26 PM Monday, July 10, 2017: Player connected: FaserF | 76561201343888417 | 9C3133A6AA5B000B62D9D15F | 188.194.179.133
8:48:36 PM Monday, July 10, 2017: Player connected: BilaLui | 76561200707965681 | 415EFB3E7AB11ED6D2F789B4 | 87.160.56.11
8:49:32 PM Monday, July 10, 2017: FaserF ---> iw5_mp7_mp_rof_xmags ---> BilaLui
8:49:51 PM Monday, July 10, 2017: BilaLui ---> iw5_m60_mp_rof ---> FaserF
8:49:57 PM Monday, July 10, 2017: FaserF ---> iw5_mp7_mp_rof_xmags ---> BilaLui
8:50:06 PM Monday, July 10, 2017: FaserF: !jump 120
8:50:37 PM Monday, July 10, 2017: BilaLui ---> iw5_m60_mp_rof ---> FaserF
8:50:49 PM Monday, July 10, 2017: FaserF ---> iw5_mp7_mp_rof_xmags ---> BilaLui
8:51:03 PM Monday, July 10, 2017: BilaLui ---> iw5_m60_mp_rof ---> FaserF
8:51:34 PM Monday, July 10, 2017: FaserF ---> iw5_44magnum_mp_tactical ---> BilaLui
8:51:42 PM Monday, July 10, 2017: FaserF: !jump 180
8:51:52 PM Monday, July 10, 2017: FaserF ---> iw5_44magnum_mp_tactical ---> BilaLui
8:52:38 PM Monday, July 10, 2017: BilaLui ---> iw5_m60_mp_rof ---> FaserF
8:52:52 PM Monday, July 10, 2017: Player connected: KaltBier | 76561201053129478 | EE029EB9FFC469C0FE8FC700 | 78.43.43.70
8:53:04 PM Monday, July 10, 2017: FaserF ---> iw5_44magnum_mp_tactical ---> BilaLui
8:53:29 PM Monday, July 10, 2017: BilaLui ---> iw5_m60_mp_rof ---> FaserF
8:53:31 PM Monday, July 10, 2017: KaltBier ---> iw5_msr_mp_msrscope_xmags ---> BilaLui
8:53:47 PM Monday, July 10, 2017: BilaLui ---> iw5_m60_mp_rof ---> KaltBier
8:53:52 PM Monday, July 10, 2017: BilaLui ---> iw5_m60_mp_rof ---> FaserF
8:54:07 PM Monday, July 10, 2017: KaltBier ---> iw5_mp7_mp_rof_xmags ---> BilaLui
8:54:31 PM Monday, July 10, 2017: BilaLui ---> iw5_m60_mp_rof ---> KaltBier
8:54:33 PM Monday, July 10, 2017: BilaLui ---> iw5_m60_mp_rof ---> FaserF
8:54:38 PM Monday, July 10, 2017: BilaLui ---> iw5_m60_mp_rof ---> KaltBier
8:54:40 PM Monday, July 10, 2017: Player KaltBier left
8:54:48 PM Monday, July 10, 2017: FaserF ---> iw5_msr_mp_msrscope_xmags ---> BilaLui
8:55:07 PM Monday, July 10, 2017: BilaLui ---> iw5_m60_mp_rof ---> FaserF
8:55:16 PM Monday, July 10, 2017: FaserF ---> throwingknife_mp ---> BilaLui
8:55:37 PM Monday, July 10, 2017: BilaLui ---> iw5_m60_mp_rof ---> FaserF
8:56:00 PM Monday, July 10, 2017: FaserF ---> iw5_type95_mp_rof_xmags ---> BilaLui
8:56:21 PM Monday, July 10, 2017: BilaLui ---> iw5_m60_mp_rof ---> FaserF
8:56:24 PM Monday, July 10, 2017: FaserF ---> iw5_type95_mp_rof_xmags ---> BilaLui
8:56:40 PM Monday, July 10, 2017: FaserF ---> iw5_type95_mp_rof_xmags ---> BilaLui
8:56:53 PM Monday, July 10, 2017: FaserF ---> iw5_type95_mp_rof_xmags ---> BilaLui
8:57:07 PM Monday, July 10, 2017: FaserF ---> iw5_type95_mp_rof_xmags ---> BilaLui
8:57:25 PM Monday, July 10, 2017: BilaLui ---> iw5_m60_mp_rof ---> FaserF
8:57:40 PM Monday, July 10, 2017: BilaLui ---> iw5_m60_mp_rof ---> FaserF
8:57:43 PM Monday, July 10, 2017: FaserF ---> iw5_type95_mp_rof_xmags ---> BilaLui
8:58:11 PM Monday, July 10, 2017: FaserF ---> iw5_type95_mp_rof_xmags ---> BilaLui
8:58:37 PM Monday, July 10, 2017: FaserF ---> iw5_type95_mp_rof_xmags ---> BilaLui
8:58:53 PM Monday, July 10, 2017: BilaLui ---> iw5_m60_mp_rof ---> FaserF
8:59:10 PM Monday, July 10, 2017: FaserF ---> iw5_type95_mp_rof_xmags ---> BilaLui
8:59:35 PM Monday, July 10, 2017: FaserF ---> iw5_type95_mp_rof_xmags ---> BilaLui
8:59:49 PM Monday, July 10, 2017: BilaLui ---> iw5_m60_mp_rof ---> FaserF
9:00:04 PM Monday, July 10, 2017: FaserF ---> iw5_type95_mp_rof_xmags ---> BilaLui
9:00:22 PM Monday, July 10, 2017: FaserF ---> iw5_type95_mp_rof_xmags ---> BilaLui
9:00:37 PM Monday, July 10, 2017: FaserF ---> iw5_type95_mp_rof_xmags ---> BilaLui
9:00:47 PM Monday, July 10, 2017: FaserF ---> iw5_type95_mp_rof_xmags ---> BilaLui
9:01:02 PM Monday, July 10, 2017: FaserF ---> iw5_type95_mp_rof_xmags ---> BilaLui
9:01:25 PM Monday, July 10, 2017: FaserF ---> iw5_type95_mp_rof_xmags ---> BilaLui
9:01:58 PM Monday, July 10, 2017: FaserF ---> iw5_type95_mp_rof_xmags ---> BilaLui
9:02:11 PM Monday, July 10, 2017: BilaLui ---> iw5_m60_mp_rof ---> FaserF
9:02:17 PM Monday, July 10, 2017: FaserF ---> iw5_type95_mp_rof_xmags ---> BilaLui
9:02:33 PM Monday, July 10, 2017: FaserF ---> iw5_type95_mp_rof_xmags ---> BilaLui
9:02:46 PM Monday, July 10, 2017: FaserF ---> iw5_type95_mp_rof_xmags ---> BilaLui
9:02:46 PM Monday, July 10, 2017: BilaLui ---> semtex_mp ---> FaserF
9:02:55 PM Monday, July 10, 2017: FaserF ---> iw5_type95_mp_rof_xmags ---> BilaLui
9:03:15 PM Monday, July 10, 2017: FaserF ---> iw5_type95_mp_rof_xmags ---> BilaLui
9:03:39 PM Monday, July 10, 2017: FaserF ---> iw5_type95_mp_rof_xmags ---> BilaLui
9:04:08 PM Monday, July 10, 2017: Player connected: H4zzl3 | 76561199641085033 | 0B1787B919A878AF67E6D9F5 | 89.15.139.72
9:04:10 PM Monday, July 10, 2017: BilaLui ---> iw5_m60_mp_rof ---> FaserF
9:04:33 PM Monday, July 10, 2017: FaserF: !jump 300
9:04:51 PM Monday, July 10, 2017: BilaLui ---> iw5_m60_mp_rof ---> H4zzl3
9:05:06 PM Monday, July 10, 2017: FaserF ---> iw5_type95_mp_rof_xmags ---> BilaLui
9:05:56 PM Monday, July 10, 2017: BilaLui ---> iw5_m60_mp_rof ---> H4zzl3
9:06:12 PM Monday, July 10, 2017: FaserF ---> iw5_type95_mp_rof_xmags ---> BilaLui
9:06:29 PM Monday, July 10, 2017: FaserF: !help
9:06:34 PM Monday, July 10, 2017: BilaLui: !maprotation next
9:06:35 PM Monday, July 10, 2017: Player connected: KaltBier | 76561201053129478 | EE029EB9FFC469C0FE8FC700 | 78.43.43.70
9:06:42 PM Monday, July 10, 2017: BilaLui: !nextmap
9:06:48 PM Monday, July 10, 2017: BilaLui: !map
9:06:58 PM Monday, July 10, 2017: FaserF ---> iw5_type95_mp_rof_xmags ---> BilaLui
9:06:59 PM Monday, July 10, 2017: Player KaltBier left
9:07:24 PM Monday, July 10, 2017: FaserF: !freeze H4zzl3
9:07:35 PM Monday, July 10, 2017: FaserF: !unfreeze H4zzl3
9:07:43 PM Monday, July 10, 2017: FaserF: !freeze H4zzl3
9:07:50 PM Monday, July 10, 2017: FaserF: !nextgame
9:07:59 PM Monday, July 10, 2017: FaserF ---> iw5_type95_mp_rof_xmags ---> BilaLui
9:08:27 PM Monday, July 10, 2017: H4zzl3 ---> iw5_mp7_mp_rof_xmags ---> BilaLui
9:09:01 PM Monday, July 10, 2017: H4zzl3 ---> iw5_mp7_mp_rof_xmags ---> BilaLui
