8:57:42 PM Monday, June 26, 2017: Server loaded map. Map: Hardhat (mp_hardhat). Gametype: dm
8:58:01 PM Monday, June 26, 2017: Game started (prematch done). 3 connected players.
8:58:37 PM Monday, June 26, 2017: BilaLui ---> iw5_m60_mp_reflexlmg_camo05 ---> Tankschrotter
8:58:43 PM Monday, June 26, 2017: BilaLui ---> iw5_m60_mp_reflexlmg_camo05 ---> Blue_Skywolf
8:58:50 PM Monday, June 26, 2017: Tankschrotter ---> iw5_m4_mp ---> BilaLui
8:59:05 PM Monday, June 26, 2017: BilaLui ---> iw5_m60_mp_reflexlmg_camo05 ---> Tankschrotter
8:59:46 PM Monday, June 26, 2017: Tankschrotter ---> iw5_m4_mp ---> BilaLui
8:59:54 PM Monday, June 26, 2017: BilaLui ---> iw5_m60_mp_reflexlmg_camo05 ---> Tankschrotter
8:59:55 PM Monday, June 26, 2017: Blue_Skywolf ---> iw5_mp7_mp ---> BilaLui
9:00:02 PM Monday, June 26, 2017: Tankschrotter ---> iw5_mk46_mp_grip_reflexlmg ---> Blue_Skywolf
9:00:08 PM Monday, June 26, 2017: BilaLui ---> iw5_m60_mp_reflexlmg_camo05 ---> Tankschrotter
9:00:21 PM Monday, June 26, 2017: BilaLui ---> iw5_m60_mp_reflexlmg_camo05 ---> Blue_Skywolf
9:00:35 PM Monday, June 26, 2017: BilaLui ---> iw5_m60_mp_reflexlmg_camo05 ---> Tankschrotter
9:00:40 PM Monday, June 26, 2017: Blue_Skywolf ---> iw5_m60_mp ---> BilaLui
9:00:50 PM Monday, June 26, 2017: ciRcuS|Krizzel ---> iw5_mp7_mp_silencer_camo11 ---> Blue_Skywolf
9:00:58 PM Monday, June 26, 2017: ciRcuS|Krizzel ---> iw5_mp7_mp_silencer_camo11 ---> BilaLui
9:01:03 PM Monday, June 26, 2017: ciRcuS|Krizzel ---> iw5_mp7_mp_silencer_camo11 ---> Tankschrotter
9:01:10 PM Monday, June 26, 2017: Kai ---> iw5_acr_mp_silencer_camo11 ---> Blue_Skywolf
9:01:11 PM Monday, June 26, 2017: ciRcuS|Krizzel ---> iw5_mp7_mp_silencer_camo11 ---> Kai
9:01:12 PM Monday, June 26, 2017: ciRcuS|Krizzel ---> none ---> ciRcuS|Krizzel
9:01:19 PM Monday, June 26, 2017: ciRcuS|Krizzel ---> iw5_mp7_mp_silencer_camo11 ---> Blue_Skywolf
9:01:22 PM Monday, June 26, 2017: BilaLui ---> iw5_m60_mp_reflexlmg_camo05 ---> Tankschrotter
9:01:28 PM Monday, June 26, 2017: Kai ---> iw5_acr_mp_silencer_camo11 ---> BilaLui
9:01:30 PM Monday, June 26, 2017: Kai ---> iw5_acr_mp_silencer_camo11 ---> ciRcuS|Krizzel
9:01:33 PM Monday, June 26, 2017: Kai ---> iw5_acr_mp_silencer_camo11 ---> Blue_Skywolf
9:01:38 PM Monday, June 26, 2017: Kai ---> iw5_acr_mp_silencer_camo11 ---> ciRcuS|Krizzel
9:01:44 PM Monday, June 26, 2017: Kai ---> iw5_acr_mp_silencer_camo11 ---> FaserF
9:01:45 PM Monday, June 26, 2017: Blue_Skywolf ---> iw5_mp7_mp_silencer_camo11 ---> Kai
9:01:48 PM Monday, June 26, 2017: Tankschrotter ---> iw5_g36c_mp_m320_reflex ---> Blue_Skywolf
9:01:51 PM Monday, June 26, 2017: ciRcuS|Krizzel ---> iw5_mp7_mp_silencer_camo11 ---> Tankschrotter
9:01:51 PM Monday, June 26, 2017: BilaLui ---> iw5_m60_mp_reflexlmg_camo05 ---> ciRcuS|Krizzel
9:01:59 PM Monday, June 26, 2017: ciRcuS|Krizzel ---> iw5_mp7_mp_silencer_camo11 ---> Blue_Skywolf
9:02:00 PM Monday, June 26, 2017: BilaLui ---> iw5_m60_mp_reflexlmg_camo05 ---> Kai
9:02:01 PM Monday, June 26, 2017: FaserF ---> iw5_mp7_mp ---> BilaLui
9:02:06 PM Monday, June 26, 2017: Blue_Skywolf ---> iw5_mp7_mp ---> FaserF
9:02:09 PM Monday, June 26, 2017: Tankschrotter ---> iw5_g36c_mp_m320_reflex ---> Blue_Skywolf
9:02:15 PM Monday, June 26, 2017: ciRcuS|Krizzel ---> iw5_mp7_mp_silencer_camo11 ---> BilaLui
9:02:16 PM Monday, June 26, 2017: Kai ---> iw5_acr_mp_silencer_camo11 ---> ciRcuS|Krizzel
9:02:17 PM Monday, June 26, 2017: FaserF ---> iw5_mp7_mp ---> Kai
9:02:27 PM Monday, June 26, 2017: Kai ---> iw5_acr_mp_silencer_camo11 ---> FaserF
9:02:28 PM Monday, June 26, 2017: Tankschrotter ---> iw5_g36c_mp_m320_reflex ---> BilaLui
9:02:38 PM Monday, June 26, 2017: Tankschrotter ---> iw5_g36c_mp_m320_reflex ---> Kai
9:02:39 PM Monday, June 26, 2017: FaserF ---> iw5_mp7_mp ---> Tankschrotter
9:02:41 PM Monday, June 26, 2017: ciRcuS|Krizzel ---> iw5_mp7_mp_silencer_camo11 ---> BilaLui
9:02:43 PM Monday, June 26, 2017: FaserF ---> iw5_mp7_mp ---> ciRcuS|Krizzel
9:02:52 PM Monday, June 26, 2017: BilaLui ---> iw5_m60_mp_reflexlmg_camo05 ---> FaserF
9:02:56 PM Monday, June 26, 2017: Kai ---> iw5_acr_mp_silencer_camo11 ---> Tankschrotter
9:02:58 PM Monday, June 26, 2017: Kai ---> iw5_acr_mp_silencer_camo11 ---> ciRcuS|Krizzel
9:03:01 PM Monday, June 26, 2017: Kai ---> iw5_acr_mp_silencer_camo11 ---> BilaLui
9:03:15 PM Monday, June 26, 2017: Tankschrotter ---> iw5_g36c_mp_m320_reflex ---> BilaLui
9:03:24 PM Monday, June 26, 2017: Tankschrotter ---> iw5_g36c_mp_m320_reflex ---> ciRcuS|Krizzel
9:03:26 PM Monday, June 26, 2017: BilaLui ---> iw5_m60_mp_reflexlmg_camo05 ---> Tankschrotter
9:03:29 PM Monday, June 26, 2017: FaserF ---> none ---> FaserF
9:03:32 PM Monday, June 26, 2017: Kai ---> iw5_acr_mp_silencer_camo11 ---> BilaLui
9:03:35 PM Monday, June 26, 2017: Kai ---> iw5_acr_mp_silencer_camo11 ---> Tankschrotter
9:03:43 PM Monday, June 26, 2017: Kai ---> iw5_acr_mp_silencer_camo11 ---> ciRcuS|Krizzel
9:03:49 PM Monday, June 26, 2017: ciRcuS|Krizzel ---> iw5_mp5_mp_rof_silencer_camo11 ---> Tankschrotter
9:03:50 PM Monday, June 26, 2017: BilaLui ---> iw5_m60_mp_reflexlmg_camo05 ---> Kai
9:03:55 PM Monday, June 26, 2017: Kai ---> iw5_acr_mp_silencer_camo11 ---> BilaLui
9:03:59 PM Monday, June 26, 2017: FaserF ---> none ---> FaserF
9:04:00 PM Monday, June 26, 2017: BilaLui ---> iw5_m60_mp_reflexlmg_camo05 ---> Kai
9:04:01 PM Monday, June 26, 2017: ciRcuS|Krizzel ---> iw5_mp5_mp_rof_silencer_camo11 ---> Tankschrotter
9:04:08 PM Monday, June 26, 2017: BilaLui ---> iw5_m60_mp_reflexlmg_camo05 ---> Blue_Skywolf
9:04:12 PM Monday, June 26, 2017: BilaLui ---> iw5_m60_mp_reflexlmg_camo05 ---> Tankschrotter
9:04:15 PM Monday, June 26, 2017: BilaLui ---> iw5_m60_mp_reflexlmg_camo05 ---> ciRcuS|Krizzel
9:04:20 PM Monday, June 26, 2017: Kai ---> iw5_acr_mp_silencer_camo11 ---> Blue_Skywolf
9:04:25 PM Monday, June 26, 2017: BilaLui ---> iw5_m60_mp_reflexlmg_camo05 ---> Tankschrotter
9:04:29 PM Monday, June 26, 2017: FaserF ---> none ---> FaserF
9:04:31 PM Monday, June 26, 2017: Kai ---> iw5_acr_mp_silencer_camo11 ---> Blue_Skywolf
9:04:34 PM Monday, June 26, 2017: ciRcuS|Krizzel ---> iw5_mp5_mp_rof_silencer_camo11 ---> BilaLui
9:04:41 PM Monday, June 26, 2017: BilaLui ---> iw5_m60_mp_reflexlmg_camo05 ---> Tankschrotter
9:04:50 PM Monday, June 26, 2017: Blue_Skywolf ---> iw5_mp7_mp ---> BilaLui
9:04:51 PM Monday, June 26, 2017: ciRcuS|Krizzel ---> iw5_mp5_mp_rof_silencer_camo11 ---> FaserF
9:04:51 PM Monday, June 26, 2017: Kai ---> iw5_acr_mp_silencer_camo11 ---> Blue_Skywolf
9:04:54 PM Monday, June 26, 2017: ciRcuS|Krizzel ---> iw5_mp5_mp_rof_silencer_camo11 ---> Kai
9:05:02 PM Monday, June 26, 2017: Kai ---> iw5_acr_mp_silencer_camo11 ---> ciRcuS|Krizzel
9:05:03 PM Monday, June 26, 2017: BilaLui ---> iw5_m60_mp_reflexlmg_camo05 ---> Tankschrotter
9:05:08 PM Monday, June 26, 2017: BilaLui ---> iw5_m60_mp_reflexlmg_camo05 ---> Blue_Skywolf
9:05:09 PM Monday, June 26, 2017: Tankschrotter ---> iw5_g36c_mp_m320_reflex ---> BilaLui
9:05:16 PM Monday, June 26, 2017: Kai ---> iw5_acr_mp_silencer_camo11 ---> BilaLui
9:05:19 PM Monday, June 26, 2017: Kai ---> iw5_acr_mp_silencer_camo11 ---> ciRcuS|Krizzel
9:05:23 PM Monday, June 26, 2017: Kai ---> iw5_acr_mp_silencer_camo11 ---> Tankschrotter
9:05:30 PM Monday, June 26, 2017: FaserF ---> iw5_mp7_mp ---> Blue_Skywolf
9:05:33 PM Monday, June 26, 2017: FaserF ---> iw5_mp7_mp ---> Kai
9:05:35 PM Monday, June 26, 2017: Blue_Skywolf ---> iw5_ak47_mp ---> ciRcuS|Krizzel
9:05:39 PM Monday, June 26, 2017: Tankschrotter ---> iw5_g36c_mp_m320_reflex ---> FaserF
9:05:44 PM Monday, June 26, 2017: Kai ---> iw5_acr_mp_silencer_camo11 ---> Tankschrotter
9:05:49 PM Monday, June 26, 2017: FaserF ---> iw5_mp7_mp ---> BilaLui
9:05:50 PM Monday, June 26, 2017: Blue_Skywolf ---> iw5_ak47_mp ---> ciRcuS|Krizzel
9:05:52 PM Monday, June 26, 2017: Kai ---> iw5_acr_mp_silencer_camo11 ---> FaserF
9:05:57 PM Monday, June 26, 2017: Blue_Skywolf ---> iw5_ak47_mp ---> Kai
9:06:01 PM Monday, June 26, 2017: Blue_Skywolf ---> iw5_ak47_mp ---> Tankschrotter
9:06:03 PM Monday, June 26, 2017: FaserF ---> iw5_mp7_mp ---> Blue_Skywolf
9:06:05 PM Monday, June 26, 2017: FaserF ---> iw5_mp7_mp ---> Kai
9:06:06 PM Monday, June 26, 2017: Tankschrotter ---> iw5_g36c_mp_m320_reflex ---> FaserF
9:06:07 PM Monday, June 26, 2017: BilaLui ---> iw5_m60_mp_reflexlmg_camo05 ---> Tankschrotter
9:06:10 PM Monday, June 26, 2017: FaserF ---> iw5_mp7_mp ---> Kai
9:06:12 PM Monday, June 26, 2017: ciRcuS|Krizzel ---> none ---> ciRcuS|Krizzel
9:06:13 PM Monday, June 26, 2017: Blue_Skywolf ---> iw5_mp7_mp ---> FaserF
9:06:16 PM Monday, June 26, 2017: BilaLui ---> iw5_m60_mp_reflexlmg_camo05 ---> Tankschrotter
9:06:23 PM Monday, June 26, 2017: Kai ---> iw5_acr_mp_silencer_camo11 ---> BilaLui
9:06:23 PM Monday, June 26, 2017: FaserF ---> iw5_mp7_mp ---> Blue_Skywolf
9:06:26 PM Monday, June 26, 2017: Kai ---> iw5_acr_mp_silencer_camo11 ---> FaserF
9:06:29 PM Monday, June 26, 2017: Blue_Skywolf ---> iw5_mp7_mp ---> BilaLui
9:06:38 PM Monday, June 26, 2017: Tankschrotter ---> iw5_g36c_mp_m320_reflex ---> Kai
9:06:38 PM Monday, June 26, 2017: FaserF ---> iw5_mp7_mp ---> Tankschrotter
9:06:40 PM Monday, June 26, 2017: FaserF ---> iw5_mp7_mp ---> Blue_Skywolf
9:06:42 PM Monday, June 26, 2017: ciRcuS|Krizzel ---> none ---> ciRcuS|Krizzel
9:06:44 PM Monday, June 26, 2017: FaserF ---> iw5_mp7_mp ---> BilaLui
9:06:53 PM Monday, June 26, 2017: Kai ---> iw5_acr_mp_silencer_camo11 ---> Blue_Skywolf
9:06:53 PM Monday, June 26, 2017: FaserF ---> iw5_mp7_mp ---> BilaLui
9:07:04 PM Monday, June 26, 2017: FaserF ---> iw5_mp7_mp ---> BilaLui
9:07:10 PM Monday, June 26, 2017: Blue_Skywolf ---> iw5_mp7_mp ---> Kai
9:07:10 PM Monday, June 26, 2017: Blue_Skywolf ---> iw5_mp7_mp ---> Tankschrotter
9:07:12 PM Monday, June 26, 2017: ciRcuS|Krizzel ---> none ---> ciRcuS|Krizzel
9:07:16 PM Monday, June 26, 2017: FaserF ---> iw5_mp7_mp ---> BilaLui
9:07:18 PM Monday, June 26, 2017: Blue_Skywolf ---> iw5_mp7_mp ---> FaserF
9:07:19 PM Monday, June 26, 2017: Kai ---> iw5_acr_mp_silencer_camo11 ---> Blue_Skywolf
9:07:23 PM Monday, June 26, 2017: Kai ---> iw5_acr_mp_silencer_camo11 ---> FaserF
9:07:28 PM Monday, June 26, 2017: FaserF ---> iw5_mp7_mp ---> Tankschrotter
9:07:29 PM Monday, June 26, 2017: BilaLui ---> iw5_m60_mp_reflexlmg_camo05 ---> Blue_Skywolf
9:07:32 PM Monday, June 26, 2017: Kai ---> iw5_acr_mp_silencer_camo11 ---> BilaLui
9:07:32 PM Monday, June 26, 2017: Game ended. Result: Kai wins, with 1500 points.
9:07:52 PM Monday, June 26, 2017: Server loaded map. Map: Hardhat (mp_hardhat). Gametype: gun
9:07:59 PM Monday, June 26, 2017: Game started (prematch done). 6 connected players.
9:08:06 PM Monday, June 26, 2017: Kai ---> iw5_deserteagle_mp_tactical ---> Blue_Skywolf
9:08:15 PM Monday, June 26, 2017: Kai ---> iw5_g18_mp_reflexsmg ---> FaserF
9:08:22 PM Monday, June 26, 2017: Blue_Skywolf ---> iw5_deserteagle_mp_tactical ---> BilaLui
9:08:25 PM Monday, June 26, 2017: FaserF ---> iw5_deserteagle_mp_tactical ---> Blue_Skywolf
9:08:27 PM Monday, June 26, 2017: FaserF ---> iw5_g18_mp_reflexsmg ---> Tankschrotter
9:08:27 PM Monday, June 26, 2017: Kai ---> iw5_mp9_mp_reflexsmg ---> FaserF
9:08:31 PM Monday, June 26, 2017: Blue_Skywolf ---> iw5_g18_mp_reflexsmg ---> Kai
9:08:31 PM Monday, June 26, 2017: FaserF ---> iw5_mp9_mp_reflexsmg ---> Tankschrotter
9:08:34 PM Monday, June 26, 2017: FaserF ---> iw5_mp5_mp_reflexsmg ---> BilaLui
9:08:37 PM Monday, June 26, 2017: Kai ---> iw5_mp5_mp_reflexsmg ---> Tankschrotter
9:08:37 PM Monday, June 26, 2017: Blue_Skywolf ---> iw5_mp9_mp_reflexsmg ---> ciRcuS|Krizzel
9:08:40 PM Monday, June 26, 2017: Blue_Skywolf ---> iw5_mp5_mp_reflexsmg ---> FaserF
9:08:43 PM Monday, June 26, 2017: Tankschrotter ---> iw5_deserteagle_mp_tactical ---> ciRcuS|Krizzel
9:08:50 PM Monday, June 26, 2017: Kai ---> iw5_p90_mp_reflexsmg ---> BilaLui
9:08:52 PM Monday, June 26, 2017: Tankschrotter ---> iw5_g18_mp_reflexsmg ---> Kai
9:08:53 PM Monday, June 26, 2017: Blue_Skywolf ---> iw5_p90_mp_reflexsmg ---> ciRcuS|Krizzel
9:08:54 PM Monday, June 26, 2017: FaserF ---> iw5_p90_mp_reflexsmg ---> Tankschrotter
9:09:00 PM Monday, June 26, 2017: FaserF ---> iw5_mp7_mp_reflexsmg ---> BilaLui
9:09:01 PM Monday, June 26, 2017: Kai ---> iw5_mp7_mp_reflexsmg ---> Blue_Skywolf
9:09:04 PM Monday, June 26, 2017: Tankschrotter ---> iw5_mp9_mp_reflexsmg ---> FaserF
9:09:07 PM Monday, June 26, 2017: Tankschrotter ---> iw5_mp5_mp_reflexsmg ---> ciRcuS|Krizzel
9:09:08 PM Monday, June 26, 2017: Blue_Skywolf ---> iw5_mp7_mp_reflexsmg ---> BilaLui
9:09:11 PM Monday, June 26, 2017: Kai ---> iw5_ak47_mp_reflex ---> Tankschrotter
9:09:15 PM Monday, June 26, 2017: Blue_Skywolf ---> iw5_ak47_mp_reflex ---> FaserF
9:09:20 PM Monday, June 26, 2017: Tankschrotter ---> iw5_p90_mp_reflexsmg ---> Blue_Skywolf
9:09:23 PM Monday, June 26, 2017: ciRcuS|Krizzel ---> iw5_deserteagle_mp_tactical ---> Tankschrotter
9:09:24 PM Monday, June 26, 2017: Kai ---> iw5_scar_mp_reflex ---> BilaLui
9:09:29 PM Monday, June 26, 2017: BilaLui ---> iw5_deserteagle_mp_tactical ---> Kai
9:09:32 PM Monday, June 26, 2017: ciRcuS|Krizzel ---> iw5_g18_mp_reflexsmg ---> Tankschrotter
9:09:34 PM Monday, June 26, 2017: Kai ---> iw5_pecheneg_mp_grip ---> Blue_Skywolf
9:09:36 PM Monday, June 26, 2017: BilaLui ---> iw5_g18_mp_reflexsmg ---> Tankschrotter
9:09:36 PM Monday, June 26, 2017: FaserF ---> iw5_ak47_mp_reflex ---> ciRcuS|Krizzel
9:09:39 PM Monday, June 26, 2017: astertz ---> none ---> astertz
9:09:41 PM Monday, June 26, 2017: ciRcuS|Krizzel ---> iw5_mp9_mp_reflexsmg ---> Kai
9:09:45 PM Monday, June 26, 2017: ciRcuS|Krizzel ---> iw5_mp5_mp_reflexsmg ---> Tankschrotter
9:09:46 PM Monday, June 26, 2017: Blue_Skywolf ---> iw5_scar_mp_reflex ---> FaserF
9:09:50 PM Monday, June 26, 2017: ciRcuS|Krizzel ---> iw5_p90_mp_reflexsmg ---> FaserF
9:09:51 PM Monday, June 26, 2017: Blue_Skywolf ---> iw5_pecheneg_mp_grip ---> BilaLui
9:09:55 PM Monday, June 26, 2017: Tankschrotter ---> iw5_mp7_mp_reflexsmg ---> Blue_Skywolf
9:09:57 PM Monday, June 26, 2017: ciRcuS|Krizzel ---> iw5_mp7_mp_reflexsmg ---> FaserF
9:09:58 PM Monday, June 26, 2017: Kai ---> iw5_mg36_mp_grip ---> Tankschrotter
9:10:02 PM Monday, June 26, 2017: ciRcuS|Krizzel ---> iw5_ak47_mp_reflex ---> Blue_Skywolf
9:10:02 PM Monday, June 26, 2017: FaserF ---> iw5_scar_mp_reflex ---> Kai
9:10:07 PM Monday, June 26, 2017: ciRcuS|Krizzel ---> iw5_scar_mp_reflex ---> Tankschrotter
9:10:08 PM Monday, June 26, 2017: Kai ---> iw5_spas12_mp_grip ---> Blue_Skywolf
9:10:09 PM Monday, June 26, 2017: FaserF ---> iw5_pecheneg_mp_grip ---> gestalt
9:10:12 PM Monday, June 26, 2017: FaserF ---> iw5_mg36_mp_grip ---> BilaLui
9:10:13 PM Monday, June 26, 2017: ciRcuS|Krizzel ---> iw5_pecheneg_mp_grip ---> astertz
9:10:16 PM Monday, June 26, 2017: Kai ---> iw5_1887_mp ---> FaserF
9:10:17 PM Monday, June 26, 2017: Blue_Skywolf ---> iw5_mg36_mp_grip ---> Kai
9:10:20 PM Monday, June 26, 2017: ciRcuS|Krizzel ---> iw5_mg36_mp_grip ---> Tankschrotter
9:10:25 PM Monday, June 26, 2017: Kai ---> iw5_type95_mp_reflex ---> gestalt
9:10:25 PM Monday, June 26, 2017: Blue_Skywolf ---> iw5_spas12_mp_grip ---> astertz
9:10:29 PM Monday, June 26, 2017: Blue_Skywolf ---> iw5_1887_mp ---> Tankschrotter
9:10:32 PM Monday, June 26, 2017: ciRcuS|Krizzel ---> iw5_spas12_mp_grip ---> BilaLui
9:10:35 PM Monday, June 26, 2017: Blue_Skywolf ---> iw5_type95_mp_reflex ---> FaserF
9:10:36 PM Monday, June 26, 2017: Jezeba ---> none ---> Jezeba
9:10:37 PM Monday, June 26, 2017: Kai ---> iw5_mk14_mp_reflex ---> astertz
9:10:37 PM Monday, June 26, 2017: Tankschrotter ---> iw5_ak47_mp_reflex ---> Blue_Skywolf
9:10:40 PM Monday, June 26, 2017: Jezeba ---> iw5_deserteagle_mp_tactical ---> Kai
9:10:43 PM Monday, June 26, 2017: Blue_Skywolf ---> iw5_mk14_mp_reflex ---> astertz
9:10:44 PM Monday, June 26, 2017: Tankschrotter ---> iw5_scar_mp_reflex ---> FaserF
9:10:46 PM Monday, June 26, 2017: Tankschrotter ---> iw5_pecheneg_mp_grip ---> Jezeba
9:10:48 PM Monday, June 26, 2017: BilaLui ---> iw5_mp9_mp_reflexsmg ---> Tankschrotter
9:10:53 PM Monday, June 26, 2017: FaserF ---> iw5_spas12_mp_grip ---> ciRcuS|Krizzel
9:10:56 PM Monday, June 26, 2017: Blue_Skywolf ---> iw5_barrett_mp_barrettscope ---> Tankschrotter
9:10:58 PM Monday, June 26, 2017: Kai ---> iw5_barrett_mp_barrettscope ---> astertz
9:11:02 PM Monday, June 26, 2017: Blue_Skywolf ---> iw5_msr_mp_msrscope ---> FaserF
9:11:03 PM Monday, June 26, 2017: BilaLui ---> iw5_mp5_mp_reflexsmg ---> astertz
9:11:04 PM Monday, June 26, 2017: Tankschrotter ---> iw5_mg36_mp_grip ---> Jezeba
9:11:06 PM Monday, June 26, 2017: Tankschrotter ---> iw5_spas12_mp_grip ---> Kai
9:11:06 PM Monday, June 26, 2017: ciRcuS|Krizzel ---> iw5_1887_mp ---> Blue_Skywolf
9:11:12 PM Monday, June 26, 2017: ciRcuS|Krizzel ---> iw5_type95_mp_reflex ---> FaserF
9:11:13 PM Monday, June 26, 2017: BilaLui ---> iw5_p90_mp_reflexsmg ---> Kai
9:11:14 PM Monday, June 26, 2017: Tankschrotter ---> iw5_1887_mp ---> ciRcuS|Krizzel
9:11:19 PM Monday, June 26, 2017: BilaLui ---> iw5_mp7_mp_reflexsmg ---> astertz
9:11:20 PM Monday, June 26, 2017: ciRcuS|Krizzel ---> iw5_mk14_mp_reflex ---> BilaLui
9:11:21 PM Monday, June 26, 2017: Tankschrotter ---> iw5_type95_mp_reflex ---> ciRcuS|Krizzel
9:11:22 PM Monday, June 26, 2017: Jezeba ---> iw5_g18_mp_reflexsmg ---> FaserF
9:11:25 PM Monday, June 26, 2017: Tankschrotter ---> iw5_mk14_mp_reflex ---> Blue_Skywolf
9:11:29 PM Monday, June 26, 2017: astertz ---> iw5_deserteagle_mp_tactical ---> ciRcuS|Krizzel
9:11:30 PM Monday, June 26, 2017: FaserF ---> iw5_1887_mp ---> Jezeba
9:11:30 PM Monday, June 26, 2017: Kai ---> iw5_msr_mp_msrscope ---> astertz
9:11:34 PM Monday, June 26, 2017: Tankschrotter ---> none ---> Tankschrotter
9:11:35 PM Monday, June 26, 2017: Kai ---> xm25_mp ---> FaserF
9:11:36 PM Monday, June 26, 2017: ciRcuS|Krizzel ---> iw5_barrett_mp_barrettscope ---> Jezeba
9:11:38 PM Monday, June 26, 2017: BilaLui ---> iw5_ak47_mp_reflex ---> Blue_Skywolf
9:11:43 PM Monday, June 26, 2017: FaserF ---> iw5_type95_mp_reflex ---> Blue_Skywolf
9:11:43 PM Monday, June 26, 2017: BilaLui ---> iw5_scar_mp_reflex ---> Kai
9:11:44 PM Monday, June 26, 2017: astertz ---> iw5_g18_mp_reflexsmg ---> ciRcuS|Krizzel
9:11:45 PM Monday, June 26, 2017: BilaLui ---> iw5_pecheneg_mp_grip ---> Tankschrotter
9:11:49 PM Monday, June 26, 2017: astertz ---> iw5_mp9_mp_reflexsmg ---> ciRcuS|Krizzel
9:11:51 PM Monday, June 26, 2017: Tankschrotter ---> iw5_barrett_mp_barrettscope ---> BilaLui
9:11:55 PM Monday, June 26, 2017: Tankschrotter ---> iw5_msr_mp_msrscope ---> Blue_Skywolf
9:11:57 PM Monday, June 26, 2017: BilaLui ---> iw5_mg36_mp_grip ---> FaserF
9:11:57 PM Monday, June 26, 2017: ciRcuS|Krizzel ---> iw5_msr_mp_msrscope ---> BilaLui
9:12:01 PM Monday, June 26, 2017: Jezeba ---> iw5_mp9_mp_reflexsmg ---> astertz
9:12:03 PM Monday, June 26, 2017: FaserF ---> iw5_mk14_mp_reflex ---> Kai
9:12:08 PM Monday, June 26, 2017: BilaLui ---> iw5_spas12_mp_grip ---> ciRcuS|Krizzel
9:12:11 PM Monday, June 26, 2017: astertz ---> iw5_mp5_mp_reflexsmg ---> BilaLui
9:12:14 PM Monday, June 26, 2017: astertz ---> iw5_p90_mp_reflexsmg ---> Tankschrotter
9:12:15 PM Monday, June 26, 2017: FaserF ---> iw5_barrett_mp_barrettscope ---> ciRcuS|Krizzel
9:12:16 PM Monday, June 26, 2017: astertz ---> iw5_mp7_mp_reflexsmg ---> FaserF
9:12:19 PM Monday, June 26, 2017: Kai ---> javelin_mp ---> astertz
9:12:20 PM Monday, June 26, 2017: Game ended. Result: Kai wins, with 18 points.
9:12:42 PM Monday, June 26, 2017: Server loaded map. Map: Hardhat (mp_hardhat). Gametype: tjugg
9:12:53 PM Monday, June 26, 2017: Game started (prematch done). 7 connected players.
9:13:04 PM Monday, June 26, 2017: Jezeba ---> iw5_ump45_mp_rof ---> Blue_Skywolf
9:13:08 PM Monday, June 26, 2017: Jezeba ---> iw5_scar_mp ---> BilaLui
9:13:15 PM Monday, June 26, 2017: Kai ---> iw5_acr_mp_silencer_camo11 ---> ciRcuS|Krizzel
9:13:17 PM Monday, June 26, 2017: Blue_Skywolf ---> iw5_mp7_mp ---> Tankschrotter
9:13:21 PM Monday, June 26, 2017: ciRcuS|Krizzel ---> semtex_mp ---> astertz
9:13:23 PM Monday, June 26, 2017: Kai ---> iw5_acr_mp_silencer_camo11 ---> ciRcuS|Krizzel
9:13:23 PM Monday, June 26, 2017: BilaLui ---> iw5_barrett_mp_acog_camo03_scope2 ---> Kai
9:13:31 PM Monday, June 26, 2017: BilaLui ---> iw5_barrett_mp_acog_camo03_scope2 ---> astertz
9:13:40 PM Monday, June 26, 2017: BilaLui ---> iw5_barrett_mp_acog_camo03_scope2 ---> Tankschrotter
9:13:41 PM Monday, June 26, 2017: Jezeba ---> iw5_scar_mp ---> Blue_Skywolf
9:13:42 PM Monday, June 26, 2017: ciRcuS|Krizzel ---> iw5_mp5_mp_rof_silencer_camo11 ---> Jezeba
9:13:51 PM Monday, June 26, 2017: Jezeba ---> iw5_ump45_mp_rof ---> Blue_Skywolf
9:13:52 PM Monday, June 26, 2017: ciRcuS|Krizzel ---> iw5_mp5_mp_rof_silencer_camo11 ---> Tankschrotter
9:14:06 PM Monday, June 26, 2017: Jezeba ---> iw5_ump45_mp_rof ---> Blue_Skywolf
9:14:11 PM Monday, June 26, 2017: Jezeba ---> iw5_ump45_mp_rof ---> BilaLui
9:14:22 PM Monday, June 26, 2017: ciRcuS|Krizzel ---> iw5_scar_mp ---> Tankschrotter
9:14:24 PM Monday, June 26, 2017: Jezeba ---> iw5_ump45_mp_rof ---> Blue_Skywolf
9:14:24 PM Monday, June 26, 2017: Jezeba ---> none ---> Jezeba
9:14:34 PM Monday, June 26, 2017: astertz ---> iw5_scar_mp ---> Blue_Skywolf
9:14:53 PM Monday, June 26, 2017: Tankschrotter ---> iw5_barrett_mp_barrettscope ---> BilaLui
9:14:54 PM Monday, June 26, 2017: astertz ---> none ---> astertz
9:14:54 PM Monday, June 26, 2017: Jezeba ---> none ---> Jezeba
9:14:56 PM Monday, June 26, 2017: ciRcuS|Krizzel ---> iw5_scar_mp ---> Tankschrotter
9:15:05 PM Monday, June 26, 2017: ciRcuS|Krizzel ---> iw5_scar_mp ---> Jezeba
9:15:07 PM Monday, June 26, 2017: astertz ---> iw5_scar_mp ---> Blue_Skywolf
9:15:17 PM Monday, June 26, 2017: astertz ---> iw5_scar_mp ---> BilaLui
9:15:18 PM Monday, June 26, 2017: astertz ---> iw5_scar_mp ---> Blue_Skywolf
9:15:24 PM Monday, June 26, 2017: BilaLui ---> iw5_barrett_mp_acog_camo03_scope2 ---> Jezeba
9:15:24 PM Monday, June 26, 2017: ciRcuS|Krizzel ---> none ---> ciRcuS|Krizzel
9:15:27 PM Monday, June 26, 2017: astertz ---> iw5_scar_mp ---> Blue_Skywolf
9:15:33 PM Monday, June 26, 2017: ciRcuS|Krizzel ---> iw5_mp5_mp_rof_silencer_camo11 ---> astertz
9:15:38 PM Monday, June 26, 2017: Tankschrotter ---> iw5_scar_mp ---> Blue_Skywolf
9:16:01 PM Monday, June 26, 2017: BilaLui ---> iw5_scar_mp ---> astertz
9:16:11 PM Monday, June 26, 2017: Tankschrotter ---> iw5_scar_mp ---> ciRcuS|Krizzel
9:16:15 PM Monday, June 26, 2017: Jezeba ---> iw5_ump45_mp_rof ---> Blue_Skywolf
9:16:20 PM Monday, June 26, 2017: BilaLui ---> iw5_scar_mp ---> Jezeba
9:16:23 PM Monday, June 26, 2017: Tankschrotter ---> iw5_scar_mp ---> ciRcuS|Krizzel
9:16:29 PM Monday, June 26, 2017: Tankschrotter ---> iw5_scar_mp ---> Blue_Skywolf
9:16:30 PM Monday, June 26, 2017: BilaLui ---> iw5_scar_mp ---> Jezeba
9:16:38 PM Monday, June 26, 2017: Jezeba ---> iw5_ump45_mp_rof ---> ciRcuS|Krizzel
9:16:45 PM Monday, June 26, 2017: Tankschrotter ---> iw5_scar_mp ---> Blue_Skywolf
9:16:48 PM Monday, June 26, 2017: BilaLui ---> iw5_scar_mp ---> Jezeba
9:16:48 PM Monday, June 26, 2017: ciRcuS|Krizzel ---> iw5_mp5_mp_rof_silencer_camo11 ---> astertz
9:16:55 PM Monday, June 26, 2017: Tankschrotter ---> iw5_scar_mp ---> Blue_Skywolf
9:17:19 PM Monday, June 26, 2017: Blue_Skywolf ---> iw5_acr_mp ---> astertz
9:17:20 PM Monday, June 26, 2017: Tankschrotter ---> iw5_barrett_mp_barrettscope ---> ciRcuS|Krizzel
9:17:23 PM Monday, June 26, 2017: Blue_Skywolf ---> iw5_scar_mp ---> Tankschrotter
9:17:24 PM Monday, June 26, 2017: Jezeba ---> none ---> Jezeba
9:17:27 PM Monday, June 26, 2017: Blue_Skywolf ---> iw5_scar_mp ---> astertz
9:17:36 PM Monday, June 26, 2017: Tankschrotter ---> iw5_scar_mp ---> BilaLui
9:17:44 PM Monday, June 26, 2017: Jezeba ---> iw5_ump45_mp_rof ---> Blue_Skywolf
9:17:46 PM Monday, June 26, 2017: ciRcuS|Krizzel ---> iw5_scar_mp ---> astertz
9:17:53 PM Monday, June 26, 2017: ciRcuS|Krizzel ---> iw5_scar_mp ---> Jezeba
9:17:55 PM Monday, June 26, 2017: Tankschrotter ---> iw5_scar_mp ---> BilaLui
9:17:57 PM Monday, June 26, 2017: ciRcuS|Krizzel ---> iw5_scar_mp ---> astertz
9:17:58 PM Monday, June 26, 2017: Tankschrotter ---> iw5_scar_mp ---> Blue_Skywolf
9:18:05 PM Monday, June 26, 2017: ciRcuS|Krizzel ---> barrel_mp ---> astertz
9:18:05 PM Monday, June 26, 2017: Tankschrotter ---> iw5_scar_mp ---> BilaLui
9:18:18 PM Monday, June 26, 2017: ciRcuS|Krizzel ---> iw5_scar_mp ---> astertz
9:18:18 PM Monday, June 26, 2017: Jezeba ---> iw5_ump45_mp_rof ---> Blue_Skywolf
9:18:22 PM Monday, June 26, 2017: ciRcuS|Krizzel ---> iw5_scar_mp ---> Jezeba
9:18:24 PM Monday, June 26, 2017: ciRcuS|Krizzel ---> none ---> ciRcuS|Krizzel
9:18:32 PM Monday, June 26, 2017: Tankschrotter ---> iw5_scar_mp ---> Blue_Skywolf
9:18:34 PM Monday, June 26, 2017: astertz ---> iw5_g36c_mp_m320_reflex ---> BilaLui
9:18:43 PM Monday, June 26, 2017: Jezeba ---> iw5_ump45_mp_rof ---> ciRcuS|Krizzel
9:19:00 PM Monday, June 26, 2017: astertz ---> iw5_g36c_mp_m320_reflex ---> BilaLui
9:19:04 PM Monday, June 26, 2017: ciRcuS|Krizzel ---> iw5_pp90m1_mp_xmags_camo11 ---> astertz
9:19:04 PM Monday, June 26, 2017: Jezeba ---> iw5_scar_mp ---> ciRcuS|Krizzel
9:19:13 PM Monday, June 26, 2017: ciRcuS|Krizzel ---> iw5_pp90m1_mp_xmags_camo11 ---> Tankschrotter
9:19:13 PM Monday, June 26, 2017: Blue_Skywolf ---> rpg_mp ---> Jezeba
9:19:28 PM Monday, June 26, 2017: Blue_Skywolf ---> iw5_scar_mp ---> Tankschrotter
9:19:31 PM Monday, June 26, 2017: Jezeba ---> iw5_ump45_mp_rof ---> ciRcuS|Krizzel
9:19:37 PM Monday, June 26, 2017: Blue_Skywolf ---> iw5_scar_mp ---> Jezeba
9:19:43 PM Monday, June 26, 2017: Blue_Skywolf ---> iw5_scar_mp ---> Tankschrotter
9:19:55 PM Monday, June 26, 2017: astertz ---> iw5_scar_mp ---> ciRcuS|Krizzel
9:19:55 PM Monday, June 26, 2017: Blue_Skywolf ---> iw5_scar_mp ---> Jezeba
9:20:02 PM Monday, June 26, 2017: Jezeba ---> iw5_mp7_mp ---> BilaLui
9:20:02 PM Monday, June 26, 2017: astertz ---> iw5_scar_mp ---> ciRcuS|Krizzel
9:20:08 PM Monday, June 26, 2017: Jezeba ---> barrel_mp ---> Blue_Skywolf
9:20:14 PM Monday, June 26, 2017: BilaLui ---> iw5_barrett_mp_acog_camo03_scope2 ---> Tankschrotter
9:20:24 PM Monday, June 26, 2017: astertz ---> none ---> astertz
9:20:25 PM Monday, June 26, 2017: Jezeba ---> iw5_scar_mp ---> BilaLui
9:20:30 PM Monday, June 26, 2017: ciRcuS|Krizzel ---> iw5_scar_mp ---> Tankschrotter
9:20:34 PM Monday, June 26, 2017: Blue_Skywolf ---> iw5_ak47_mp ---> astertz
9:20:39 PM Monday, June 26, 2017: Jezeba ---> iw5_scar_mp ---> ciRcuS|Krizzel
9:20:41 PM Monday, June 26, 2017: Blue_Skywolf ---> iw5_scar_mp ---> Tankschrotter
9:20:44 PM Monday, June 26, 2017: Jezeba ---> iw5_scar_mp ---> BilaLui
9:20:54 PM Monday, June 26, 2017: ciRcuS|Krizzel ---> none ---> ciRcuS|Krizzel
9:20:55 PM Monday, June 26, 2017: Blue_Skywolf ---> iw5_scar_mp ---> astertz
9:21:04 PM Monday, June 26, 2017: Blue_Skywolf ---> iw5_scar_mp ---> Tankschrotter
9:21:07 PM Monday, June 26, 2017: Server loaded map. Map: Dome (mp_dome). Gametype: tjugg
9:21:23 PM Monday, June 26, 2017: Game started (prematch done). 5 connected players.
9:21:32 PM Monday, June 26, 2017: Jezeba ---> iw5_mp7_mp ---> astertz
9:21:36 PM Monday, June 26, 2017: Jezeba ---> iw5_scar_mp ---> BilaLui
9:21:44 PM Monday, June 26, 2017: astertz ---> iw5_striker_mp ---> Blue_Skywolf
9:21:49 PM Monday, June 26, 2017: astertz ---> iw5_scar_mp ---> Blue_Skywolf
9:21:51 PM Monday, June 26, 2017: Jezeba ---> none ---> Jezeba
9:21:59 PM Monday, June 26, 2017: Blue_Skywolf ---> iw5_scar_mp ---> Tankschrotter
9:22:09 PM Monday, June 26, 2017: Jezeba ---> iw5_mp7_mp ---> Tankschrotter
9:22:15 PM Monday, June 26, 2017: Blue_Skywolf ---> rpg_mp ---> BilaLui
9:22:24 PM Monday, June 26, 2017: Jezeba ---> iw5_mp7_mp ---> BilaLui
9:22:32 PM Monday, June 26, 2017: Tankschrotter ---> iw5_g36c_mp_m320_reflex ---> Blue_Skywolf
9:22:37 PM Monday, June 26, 2017: Jezeba ---> iw5_scar_mp ---> Tankschrotter
9:22:40 PM Monday, June 26, 2017: Blue_Skywolf ---> iw5_ak47_mp ---> astertz
9:22:50 PM Monday, June 26, 2017: BilaLui ---> iw5_scar_mp_silencer_camo06 ---> Blue_Skywolf
9:22:56 PM Monday, June 26, 2017: Tankschrotter ---> iw5_scar_mp ---> Blue_Skywolf
9:22:59 PM Monday, June 26, 2017: Jezeba ---> iw5_scar_mp ---> BilaLui
9:23:08 PM Monday, June 26, 2017: Jezeba ---> iw5_scar_mp ---> astertz
9:23:11 PM Monday, June 26, 2017: Tankschrotter ---> iw5_scar_mp ---> Jezeba
9:23:29 PM Monday, June 26, 2017: astertz ---> iw5_striker_mp ---> Jezeba
9:23:38 PM Monday, June 26, 2017: Tankschrotter ---> iw5_scar_mp ---> Blue_Skywolf
9:23:43 PM Monday, June 26, 2017: Jezeba ---> iw5_scar_mp ---> BilaLui
9:23:53 PM Monday, June 26, 2017: Jezeba ---> iw5_scar_mp ---> astertz
9:23:55 PM Monday, June 26, 2017: Tankschrotter ---> iw5_scar_mp ---> Blue_Skywolf
9:23:56 PM Monday, June 26, 2017: Jezeba ---> iw5_scar_mp ---> BilaLui
9:24:03 PM Monday, June 26, 2017: BilaLui ---> iw5_scar_mp_silencer_camo06 ---> Blue_Skywolf
9:24:08 PM Monday, June 26, 2017: Jezeba ---> rpg_mp ---> astertz
9:24:12 PM Monday, June 26, 2017: Jezeba ---> iw5_scar_mp ---> BilaLui
9:24:17 PM Monday, June 26, 2017: Blue_Skywolf ---> iw5_ak47_mp ---> Tankschrotter
9:24:21 PM Monday, June 26, 2017: Jezeba ---> none ---> Jezeba
9:24:29 PM Monday, June 26, 2017: Jezeba ---> iw5_mp7_mp ---> Tankschrotter
9:24:29 PM Monday, June 26, 2017: Jezeba ---> iw5_mp7_mp ---> BilaLui
9:24:37 PM Monday, June 26, 2017: Jezeba ---> iw5_mp7_mp ---> BilaLui
9:24:37 PM Monday, June 26, 2017: astertz ---> rpg_mp ---> Blue_Skywolf
9:24:45 PM Monday, June 26, 2017: Jezeba ---> frag_grenade_mp ---> Tankschrotter
9:24:49 PM Monday, June 26, 2017: BilaLui ---> iw5_scar_mp_silencer_camo06 ---> Blue_Skywolf
9:25:01 PM Monday, June 26, 2017: Jezeba ---> iw5_scar_mp ---> Tankschrotter
9:25:06 PM Monday, June 26, 2017: Jezeba ---> iw5_scar_mp ---> BilaLui
9:25:15 PM Monday, June 26, 2017: astertz ---> iw5_scar_mp ---> Blue_Skywolf
9:25:25 PM Monday, June 26, 2017: Blue_Skywolf ---> iw5_ak47_mp ---> BilaLui
9:25:26 PM Monday, June 26, 2017: astertz ---> iw5_scar_mp ---> Blue_Skywolf
9:25:45 PM Monday, June 26, 2017: Tankschrotter ---> iw5_g36c_mp_m320_reflex ---> Blue_Skywolf
9:25:46 PM Monday, June 26, 2017: Jezeba ---> iw5_scar_mp ---> Tankschrotter
9:25:52 PM Monday, June 26, 2017: Jezeba ---> iw5_scar_mp ---> astertz
9:25:53 PM Monday, June 26, 2017: BilaLui ---> none ---> BilaLui
9:26:00 PM Monday, June 26, 2017: Tankschrotter ---> iw5_scar_mp ---> Blue_Skywolf
9:26:04 PM Monday, June 26, 2017: Jezeba ---> iw5_scar_mp ---> Tankschrotter
9:26:16 PM Monday, June 26, 2017: BilaLui ---> iw5_scar_mp ---> Jezeba
9:26:22 PM Monday, June 26, 2017: BilaLui ---> iw5_scar_mp ---> Blue_Skywolf
9:26:39 PM Monday, June 26, 2017: Jezeba ---> iw5_scar_mp ---> Tankschrotter
9:26:46 PM Monday, June 26, 2017: Blue_Skywolf ---> iw5_acr_mp ---> Tankschrotter
9:26:47 PM Monday, June 26, 2017: Jezeba ---> iw5_scar_mp ---> astertz
9:27:01 PM Monday, June 26, 2017: Blue_Skywolf ---> iw5_acr_mp ---> astertz
9:27:09 PM Monday, June 26, 2017: Tankschrotter ---> iw5_g36c_mp_m320_reflex ---> Blue_Skywolf
9:27:19 PM Monday, June 26, 2017: Tankschrotter ---> iw5_g36c_mp_m320_reflex ---> Blue_Skywolf
9:27:21 PM Monday, June 26, 2017: Jezeba ---> none ---> Jezeba
9:27:31 PM Monday, June 26, 2017: Tankschrotter ---> iw5_g36c_mp_m320_reflex ---> Jezeba
9:27:37 PM Monday, June 26, 2017: Blue_Skywolf ---> rpg_mp ---> astertz
9:27:47 PM Monday, June 26, 2017: astertz ---> none ---> astertz
9:27:49 PM Monday, June 26, 2017: Blue_Skywolf ---> iw5_scar_mp ---> Tankschrotter
9:27:52 PM Monday, June 26, 2017: Blue_Skywolf ---> none ---> Blue_Skywolf
9:28:05 PM Monday, June 26, 2017: BilaLui ---> iw5_scar_mp ---> Blue_Skywolf
9:28:18 PM Monday, June 26, 2017: Blue_Skywolf ---> iw5_ak47_mp ---> Tankschrotter
9:28:50 PM Monday, June 26, 2017: BilaLui ---> iw5_scar_mp ---> Blue_Skywolf
9:28:53 PM Monday, June 26, 2017: BilaLui ---> none ---> BilaLui
9:28:59 PM Monday, June 26, 2017: Blue_Skywolf ---> bouncingbetty_mp ---> Blue_Skywolf
9:29:12 PM Monday, June 26, 2017: BilaLui ---> iw5_scar_mp_silencer_camo06 ---> Blue_Skywolf
9:29:31 PM Monday, June 26, 2017: Tankschrotter ---> iw5_scar_mp ---> Blue_Skywolf
9:29:52 PM Monday, June 26, 2017: Blue_Skywolf ---> none ---> Blue_Skywolf
9:30:09 PM Monday, June 26, 2017: Blue_Skywolf ---> rpg_mp ---> BilaLui
9:30:37 PM Monday, June 26, 2017: Blue_Skywolf ---> iw5_scar_mp ---> Tankschrotter
9:30:41 PM Monday, June 26, 2017: BilaLui ---> iw5_scar_mp ---> Blue_Skywolf
9:31:01 PM Monday, June 26, 2017: BilaLui ---> rpg_mp ---> Blue_Skywolf
9:31:22 PM Monday, June 26, 2017: Blue_Skywolf ---> none ---> Blue_Skywolf
9:31:23 PM Monday, June 26, 2017: Game ended. Result: allies win, with 8900 points
9:31:44 PM Monday, June 26, 2017: Server loaded map. Map: Dome (mp_dome). Gametype: dm
9:32:03 PM Monday, June 26, 2017: Game started (prematch done). 2 connected players.
9:42:03 PM Monday, June 26, 2017: Game ended, no players.
9:42:16 PM Monday, June 26, 2017: Server loaded map. Map: Bakaara (mp_mogadishu). Gametype: tjugg
9:42:36 PM Monday, June 26, 2017: Game started (prematch done). 0 connected players.
9:52:36 PM Monday, June 26, 2017: Game ended, no players.
9:52:48 PM Monday, June 26, 2017: Server loaded map. Map: Hardhat (mp_hardhat). Gametype: gun
9:53:08 PM Monday, June 26, 2017: Game started (prematch done). 0 connected players.
10:01:08 PM Monday, June 26, 2017: LithuanianSmile ---> iw5_deserteagle_mp_tactical ---> RANLTU
10:01:30 PM Monday, June 26, 2017: RANLTU ---> iw5_deserteagle_mp_tactical ---> LithuanianSmile
10:01:52 PM Monday, June 26, 2017: LithuanianSmile ---> iw5_deserteagle_mp_tactical ---> RANLTU
10:02:28 PM Monday, June 26, 2017: Server loaded map. Map: Hardhat (mp_hardhat). Gametype: dm
10:02:47 PM Monday, June 26, 2017: Game started (prematch done). 0 connected players.
10:03:37 PM Monday, June 26, 2017: Server loaded map. Map: Village (mp_village). Gametype: war
10:03:56 PM Monday, June 26, 2017: Game started (prematch done). 0 connected players.
10:04:41 PM Monday, June 26, 2017: Kai ---> iw5_acr_mp_silencer_camo11 ---> BilaLui
10:05:14 PM Monday, June 26, 2017: Kai ---> iw5_acr_mp_silencer_camo11 ---> Blue_Skywolf
10:05:40 PM Monday, June 26, 2017: Blue_Skywolf ---> iw5_acr_mp ---> FaserF
10:05:45 PM Monday, June 26, 2017: Kai ---> iw5_acr_mp_silencer_camo11 ---> Blue_Skywolf
10:05:51 PM Monday, June 26, 2017: Kai ---> iw5_acr_mp_silencer_camo11 ---> BilaLui
10:05:56 PM Monday, June 26, 2017: Blue_Skywolf ---> bouncingbetty_mp ---> Blue_Skywolf
10:06:03 PM Monday, June 26, 2017: Blue_Skywolf ---> bouncingbetty_mp ---> Blue_Skywolf
10:06:20 PM Monday, June 26, 2017: Server loaded map. Map: Village (mp_village). Gametype: war
10:06:39 PM Monday, June 26, 2017: Game started (prematch done). 0 connected players.
10:07:11 PM Monday, June 26, 2017: Server loaded map. Map: Village (mp_village). Gametype: dom
10:07:30 PM Monday, June 26, 2017: Game started (prematch done). 0 connected players.
10:08:25 PM Monday, June 26, 2017: FaserF ---> iw5_mp7_mp_rof_xmags ---> Kai
10:08:36 PM Monday, June 26, 2017: FaserF ---> iw5_mp7_mp_rof_xmags ---> Kai
10:08:37 PM Monday, June 26, 2017: FaserF ---> iw5_mp7_mp_rof_xmags ---> BilaLui
10:08:45 PM Monday, June 26, 2017: BilaLui ---> iw5_m60_mp_rof ---> FaserF
10:08:49 PM Monday, June 26, 2017: Blue_Skywolf ---> iw5_ak47_mp_xmags ---> BilaLui
10:08:57 PM Monday, June 26, 2017: Blue_Skywolf ---> iw5_ak47_mp_xmags ---> BilaLui
10:09:11 PM Monday, June 26, 2017: BilaLui ---> iw5_msr_mp_msrscope_xmags ---> FaserF
10:09:17 PM Monday, June 26, 2017: Blue_Skywolf ---> iw5_ak47_mp_xmags ---> BilaLui
10:09:27 PM Monday, June 26, 2017: FaserF ---> iw5_44magnum_mp_tactical ---> BilaLui
10:09:27 PM Monday, June 26, 2017: Blue_Skywolf ---> remotemissile_projectile_mp ---> Kai
10:09:40 PM Monday, June 26, 2017: Kai ---> iw5_mp7_mp_rof_xmags ---> FaserF
10:09:54 PM Monday, June 26, 2017: Blue_Skywolf ---> remote_mortar_missile_mp ---> Kai
10:09:54 PM Monday, June 26, 2017: Blue_Skywolf ---> remote_mortar_missile_mp ---> BilaLui
10:10:10 PM Monday, June 26, 2017: Blue_Skywolf ---> remote_mortar_missile_mp ---> BilaLui
10:10:19 PM Monday, June 26, 2017: Blue_Skywolf ---> remote_mortar_missile_mp ---> Kai
10:10:23 PM Monday, June 26, 2017: Blue_Skywolf ---> remote_mortar_missile_mp ---> BilaLui
10:11:19 PM Monday, June 26, 2017: FaserF ---> iw5_msr_mp_msrscope_xmags ---> BilaLui
10:11:50 PM Monday, June 26, 2017: Blue_Skywolf ---> iw5_msr_mp_msrscope_xmags ---> BilaLui
10:12:12 PM Monday, June 26, 2017: Blue_Skywolf ---> iw5_fnfiveseven_mp_tactical ---> BilaLui
10:13:01 PM Monday, June 26, 2017: Server loaded map. Map: Dome (mp_dome). Gametype: dom
10:15:32 PM Monday, June 26, 2017: Server loaded map. Map: Bakaara (mp_mogadishu). Gametype: dm
10:15:50 PM Monday, June 26, 2017: Game started (prematch done). 1 connected players.
10:18:17 PM Monday, June 26, 2017: BilaLui ---> destructible_car ---> BilaLui
10:18:41 PM Monday, June 26, 2017: Blue_Skywolf ---> turret_minigun_mp ---> BilaLui
10:18:50 PM Monday, June 26, 2017: Blue_Skywolf ---> turret_minigun_mp ---> FaserF
10:18:59 PM Monday, June 26, 2017: Blue_Skywolf ---> turret_minigun_mp ---> BilaLui
10:19:02 PM Monday, June 26, 2017: FaserF ---> iw5_msr_mp_msrscope_xmags ---> Blue_Skywolf
10:19:16 PM Monday, June 26, 2017: Blue_Skywolf ---> iw5_ak47_mp_silencer ---> FaserF
10:19:25 PM Monday, June 26, 2017: BilaLui ---> iw5_mp7_mp_silencer ---> Blue_Skywolf
10:19:43 PM Monday, June 26, 2017: BilaLui ---> iw5_mp7_mp_silencer ---> FaserF
10:19:51 PM Monday, June 26, 2017: FaserF ---> iw5_msr_mp_msrscope_xmags ---> BilaLui
10:20:00 PM Monday, June 26, 2017: BilaLui ---> iw5_mp7_mp_silencer ---> FaserF
